2026-02-18 19:33:30,605 - src.monitor - INFO - SystemMonitor initialized
2026-02-18 19:33:30,606 - src.detector - INFO - IsolationForestDetector initialized
2026-02-18 19:33:30,606 - src.detector - INFO - StatisticalDetector initialized
2026-02-18 19:33:30,606 - src.detector - INFO - AnomalyDetectorService initialized
2026-02-18 19:33:30,615 - src.healer - ERROR - Failed to initialize Docker client
Traceback (most recent call last):
  File "C:\Users\patri\AppData\Roaming\Python\Python314\site-packages\docker\api\client.py", line 223, in _retrieve_server_version
    return self.version(api_version=False)["ApiVersion"]
           ~~~~~~~~~~~~^^^^^^^^^^^^^^^^^^^
  File "C:\Users\patri\AppData\Roaming\Python\Python314\site-packages\docker\api\daemon.py", line 181, in version
    return self._result(self._get(url), json=True)
                        ~~~~~~~~~^^^^^
  File "C:\Users\patri\AppData\Roaming\Python\Python314\site-packages\docker\utils\decorators.py", line 44, in inner
    return f(self, *args, **kwargs)
  File "C:\Users\patri\AppData\Roaming\Python\Python314\site-packages\docker\api\client.py", line 246, in _get
    return self.get(url, **self._set_request_timeout(kwargs))
           ~~~~~~~~^^^^^^^^^^^^^^^^^^^^^^^^^^^^^^^^^^^^^^^^^^
  File "C:\Users\patri\AppData\Roaming\Python\Python314\site-packages\requests\sessions.py", line 602, in get
    return self.request("GET", url, **kwargs)
           ~~~~~~~~~~~~^^^^^^^^^^^^^^^^^^^^^^
  File "C:\Users\patri\AppData\Roaming\Python\Python314\site-packages\requests\sessions.py", line 589, in request
    resp = self.send(prep, **send_kwargs)
  File "C:\Users\patri\AppData\Roaming\Python\Python314\site-packages\requests\sessions.py", line 703, in send
    r = adapter.send(request, **kwargs)
  File "C:\Users\patri\AppData\Roaming\Python\Python314\site-packages\requests\adapters.py", line 486, in send
    resp = conn.urlopen(
        method=request.method,
    ...<9 lines>...
        chunked=chunked,
    )
  File "C:\Users\patri\AppData\Roaming\Python\Python314\site-packages\urllib3\connectionpool.py", line 787, in urlopen
    response = self._make_request(
        conn,
    ...<10 lines>...
        **response_kw,
    )
  File "C:\Users\patri\AppData\Roaming\Python\Python314\site-packages\urllib3\connectionpool.py", line 493, in _make_request
    conn.request(
    ~~~~~~~~~~~~^
        method,
        ^^^^^^^
    ...<6 lines>...
        enforce_content_length=enforce_content_length,
        ^^^^^^^^^^^^^^^^^^^^^^^^^^^^^^^^^^^^^^^^^^^^^^
    )
    ^
  File "C:\Users\patri\AppData\Roaming\Python\Python314\site-packages\urllib3\connection.py", line 494, in request
    self.endheaders()
    ~~~~~~~~~~~~~~~^^
  File "C:\Python314\Lib\http\client.py", line 1333, in endheaders
    self._send_output(message_body, encode_chunked=encode_chunked)
    ~~~~~~~~~~~~~~~~~^^^^^^^^^^^^^^^^^^^^^^^^^^^^^^^^^^^^^^^^^^^^^
  File "C:\Python314\Lib\http\client.py", line 1093, in _send_output
    self.send(msg)
    ~~~~~~~~~^^^^^
  File "C:\Python314\Lib\http\client.py", line 1037, in send
    self.connect()
    ~~~~~~~~~~~~^^
  File "C:\Users\patri\AppData\Roaming\Python\Python314\site-packages\docker\transport\npipeconn.py", line 25, in connect
    sock.connect(self.npipe_path)
    ~~~~~~~~~~~~^^^^^^^^^^^^^^^^^
  File "C:\Users\patri\AppData\Roaming\Python\Python314\site-packages\docker\transport\npipesocket.py", line 25, in wrapped
    return f(self, *args, **kwargs)
  File "C:\Users\patri\AppData\Roaming\Python\Python314\site-packages\docker\transport\npipesocket.py", line 76, in connect
    raise e
  File "C:\Users\patri\AppData\Roaming\Python\Python314\site-packages\docker\transport\npipesocket.py", line 54, in connect
    handle = win32file.CreateFile(
        address,
    ...<7 lines>...
        0
    )
pywintypes.error: (2, 'CreateFile', 'The system cannot find the file specified.')

The above exception was the direct cause of the following exception:

Traceback (most recent call last):
  File "d:\Projects\aegis-sentinel\src\healer.py", line 99, in __init__
    self._docker_client = docker.from_env()
                          ~~~~~~~~~~~~~~~^^
  File "C:\Users\patri\AppData\Roaming\Python\Python314\site-packages\docker\client.py", line 94, in from_env
    return cls(
        timeout=timeout,
    ...<3 lines>...
        **kwargs_from_env(**kwargs)
    )
  File "C:\Users\patri\AppData\Roaming\Python\Python314\site-packages\docker\client.py", line 45, in __init__
    self.api = APIClient(*args, **kwargs)
               ~~~~~~~~~^^^^^^^^^^^^^^^^^
  File "C:\Users\patri\AppData\Roaming\Python\Python314\site-packages\docker\api\client.py", line 207, in __init__
    self._version = self._retrieve_server_version()
                    ~~~~~~~~~~~~~~~~~~~~~~~~~~~~~^^
  File "C:\Users\patri\AppData\Roaming\Python\Python314\site-packages\docker\api\client.py", line 230, in _retrieve_server_version
    raise DockerException(
        f'Error while fetching server API version: {e}'
    ) from e
docker.errors.DockerException: Error while fetching server API version: (2, 'CreateFile', 'The system cannot find the file specified.')
2026-02-18 19:33:30,695 - src.healer - INFO - Cache recovery handler initialized
2026-02-18 19:33:30,695 - src.healer - INFO - Service recovery handler initialized
2026-02-18 19:33:30,695 - src.healer - INFO - Recovery engine initialized
2026-02-18 19:33:30,695 - __main__ - INFO - Aegis Sentinel initialized
2026-02-18 19:33:30,695 - __main__ - INFO - Starting Aegis Sentinel service
2026-02-18 19:33:30,696 - src.monitor - INFO - System monitoring started
2026-02-18 19:33:30,696 - __main__ - INFO - Aegis Sentinel service started successfully
2026-02-18 19:33:30,696 - __main__ - INFO - Aegis Sentinel is running. Press Ctrl+C to stop.
2026-02-18 19:33:31,707 - src.detector - WARNING - Insufficient data for training Isolation Forest model
2026-02-18 19:33:31,707 - src.detector - WARNING - Insufficient data for statistical analysis
2026-02-18 19:33:31,707 - src.detector - INFO - Anomaly detection completed
2026-02-18 19:33:42,730 - src.detector - WARNING - Insufficient data for training Isolation Forest model
2026-02-18 19:33:42,730 - src.detector - WARNING - Insufficient data for statistical analysis
2026-02-18 19:33:42,730 - src.detector - INFO - Anomaly detection completed
2026-02-18 19:33:53,757 - src.detector - WARNING - Insufficient data for training Isolation Forest model
2026-02-18 19:33:53,757 - src.detector - WARNING - Insufficient data for statistical analysis
2026-02-18 19:33:53,757 - src.detector - INFO - Anomaly detection completed
2026-02-18 19:34:04,768 - src.detector - WARNING - Insufficient data for training Isolation Forest model
2026-02-18 19:34:04,768 - src.detector - WARNING - Insufficient data for statistical analysis
2026-02-18 19:34:04,768 - src.detector - INFO - Anomaly detection completed
2026-02-18 19:41:56,140 - src.monitor - INFO - SystemMonitor initialized
2026-02-18 19:41:56,140 - src.detector - INFO - IsolationForestDetector initialized
2026-02-18 19:41:56,141 - src.detector - INFO - StatisticalDetector initialized
2026-02-18 19:41:56,141 - src.detector - INFO - AnomalyDetectorService initialized
2026-02-18 19:41:56,144 - src.healer - ERROR - Failed to initialize Docker client
Traceback (most recent call last):
  File "C:\Users\patri\AppData\Roaming\Python\Python314\site-packages\docker\api\client.py", line 223, in _retrieve_server_version
    return self.version(api_version=False)["ApiVersion"]
           ~~~~~~~~~~~~^^^^^^^^^^^^^^^^^^^
  File "C:\Users\patri\AppData\Roaming\Python\Python314\site-packages\docker\api\daemon.py", line 181, in version
    return self._result(self._get(url), json=True)
                        ~~~~~~~~~^^^^^
  File "C:\Users\patri\AppData\Roaming\Python\Python314\site-packages\docker\utils\decorators.py", line 44, in inner
    return f(self, *args, **kwargs)
  File "C:\Users\patri\AppData\Roaming\Python\Python314\site-packages\docker\api\client.py", line 246, in _get
    return self.get(url, **self._set_request_timeout(kwargs))
           ~~~~~~~~^^^^^^^^^^^^^^^^^^^^^^^^^^^^^^^^^^^^^^^^^^
  File "C:\Users\patri\AppData\Roaming\Python\Python314\site-packages\requests\sessions.py", line 602, in get
    return self.request("GET", url, **kwargs)
           ~~~~~~~~~~~~^^^^^^^^^^^^^^^^^^^^^^
  File "C:\Users\patri\AppData\Roaming\Python\Python314\site-packages\requests\sessions.py", line 589, in request
    resp = self.send(prep, **send_kwargs)
  File "C:\Users\patri\AppData\Roaming\Python\Python314\site-packages\requests\sessions.py", line 703, in send
    r = adapter.send(request, **kwargs)
  File "C:\Users\patri\AppData\Roaming\Python\Python314\site-packages\requests\adapters.py", line 486, in send
    resp = conn.urlopen(
        method=request.method,
    ...<9 lines>...
        chunked=chunked,
    )
  File "C:\Users\patri\AppData\Roaming\Python\Python314\site-packages\urllib3\connectionpool.py", line 787, in urlopen
    response = self._make_request(
        conn,
    ...<10 lines>...
        **response_kw,
    )
  File "C:\Users\patri\AppData\Roaming\Python\Python314\site-packages\urllib3\connectionpool.py", line 493, in _make_request
    conn.request(
    ~~~~~~~~~~~~^
        method,
        ^^^^^^^
    ...<6 lines>...
        enforce_content_length=enforce_content_length,
        ^^^^^^^^^^^^^^^^^^^^^^^^^^^^^^^^^^^^^^^^^^^^^^
    )
    ^
  File "C:\Users\patri\AppData\Roaming\Python\Python314\site-packages\urllib3\connection.py", line 494, in request
    self.endheaders()
    ~~~~~~~~~~~~~~~^^
  File "C:\Python314\Lib\http\client.py", line 1333, in endheaders
    self._send_output(message_body, encode_chunked=encode_chunked)
    ~~~~~~~~~~~~~~~~~^^^^^^^^^^^^^^^^^^^^^^^^^^^^^^^^^^^^^^^^^^^^^
  File "C:\Python314\Lib\http\client.py", line 1093, in _send_output
    self.send(msg)
    ~~~~~~~~~^^^^^
  File "C:\Python314\Lib\http\client.py", line 1037, in send
    self.connect()
    ~~~~~~~~~~~~^^
  File "C:\Users\patri\AppData\Roaming\Python\Python314\site-packages\docker\transport\npipeconn.py", line 25, in connect
    sock.connect(self.npipe_path)
    ~~~~~~~~~~~~^^^^^^^^^^^^^^^^^
  File "C:\Users\patri\AppData\Roaming\Python\Python314\site-packages\docker\transport\npipesocket.py", line 25, in wrapped
    return f(self, *args, **kwargs)
  File "C:\Users\patri\AppData\Roaming\Python\Python314\site-packages\docker\transport\npipesocket.py", line 76, in connect
    raise e
  File "C:\Users\patri\AppData\Roaming\Python\Python314\site-packages\docker\transport\npipesocket.py", line 54, in connect
    handle = win32file.CreateFile(
        address,
    ...<7 lines>...
        0
    )
pywintypes.error: (2, 'CreateFile', 'The system cannot find the file specified.')

The above exception was the direct cause of the following exception:

Traceback (most recent call last):
  File "d:\Projects\aegis-sentinel\src\healer.py", line 100, in __init__
    self._docker_client = docker.from_env()
                          ~~~~~~~~~~~~~~~^^
  File "C:\Users\patri\AppData\Roaming\Python\Python314\site-packages\docker\client.py", line 94, in from_env
    return cls(
        timeout=timeout,
    ...<3 lines>...
        **kwargs_from_env(**kwargs)
    )
  File "C:\Users\patri\AppData\Roaming\Python\Python314\site-packages\docker\client.py", line 45, in __init__
    self.api = APIClient(*args, **kwargs)
               ~~~~~~~~~^^^^^^^^^^^^^^^^^
  File "C:\Users\patri\AppData\Roaming\Python\Python314\site-packages\docker\api\client.py", line 207, in __init__
    self._version = self._retrieve_server_version()
                    ~~~~~~~~~~~~~~~~~~~~~~~~~~~~~^^
  File "C:\Users\patri\AppData\Roaming\Python\Python314\site-packages\docker\api\client.py", line 230, in _retrieve_server_version
    raise DockerException(
        f'Error while fetching server API version: {e}'
    ) from e
docker.errors.DockerException: Error while fetching server API version: (2, 'CreateFile', 'The system cannot find the file specified.')
2026-02-18 19:41:56,209 - src.healer - INFO - Cache recovery handler initialized
2026-02-18 19:41:56,209 - src.healer - INFO - Service recovery handler initialized
2026-02-18 19:41:56,209 - src.healer - INFO - Recovery engine initialized
2026-02-18 19:41:56,209 - __main__ - INFO - Aegis Sentinel initialized
2026-02-18 19:41:56,209 - __main__ - INFO - Starting Aegis Sentinel service
2026-02-18 19:41:56,209 - src.monitor - INFO - System monitoring started
2026-02-18 19:41:56,209 - __main__ - INFO - Aegis Sentinel service started successfully
2026-02-18 19:41:56,209 - __main__ - INFO - Aegis Sentinel is running. Press Ctrl+C to stop.
2026-02-18 19:41:57,221 - src.detector - WARNING - Insufficient data for training Isolation Forest model
2026-02-18 19:41:57,221 - src.detector - WARNING - Insufficient data for statistical analysis
2026-02-18 19:41:57,221 - src.detector - INFO - Anomaly detection completed
2026-02-18 19:42:08,232 - src.detector - WARNING - Insufficient data for training Isolation Forest model
2026-02-18 19:42:08,232 - src.detector - WARNING - Insufficient data for statistical analysis
2026-02-18 19:42:08,232 - src.detector - INFO - Anomaly detection completed
2026-02-18 19:42:19,246 - src.detector - WARNING - Insufficient data for training Isolation Forest model
2026-02-18 19:42:19,246 - src.detector - WARNING - Insufficient data for statistical analysis
2026-02-18 19:42:19,246 - src.detector - INFO - Anomaly detection completed
2026-02-18 20:38:48,334 - src.monitor - INFO - SystemMonitor initialized
2026-02-18 20:38:48,334 - src.detector - INFO - IsolationForestDetector initialized
2026-02-18 20:38:48,335 - src.detector - INFO - StatisticalDetector initialized
2026-02-18 20:38:48,335 - src.detector - INFO - AnomalyDetectorService initialized
2026-02-18 20:38:48,337 - src.healer - ERROR - Failed to initialize Docker client
Traceback (most recent call last):
  File "C:\Users\patri\AppData\Roaming\Python\Python314\site-packages\docker\api\client.py", line 223, in _retrieve_server_version
    return self.version(api_version=False)["ApiVersion"]
           ~~~~~~~~~~~~^^^^^^^^^^^^^^^^^^^
  File "C:\Users\patri\AppData\Roaming\Python\Python314\site-packages\docker\api\daemon.py", line 181, in version
    return self._result(self._get(url), json=True)
                        ~~~~~~~~~^^^^^
  File "C:\Users\patri\AppData\Roaming\Python\Python314\site-packages\docker\utils\decorators.py", line 44, in inner
    return f(self, *args, **kwargs)
  File "C:\Users\patri\AppData\Roaming\Python\Python314\site-packages\docker\api\client.py", line 246, in _get
    return self.get(url, **self._set_request_timeout(kwargs))
           ~~~~~~~~^^^^^^^^^^^^^^^^^^^^^^^^^^^^^^^^^^^^^^^^^^
  File "C:\Users\patri\AppData\Roaming\Python\Python314\site-packages\requests\sessions.py", line 602, in get
    return self.request("GET", url, **kwargs)
           ~~~~~~~~~~~~^^^^^^^^^^^^^^^^^^^^^^
  File "C:\Users\patri\AppData\Roaming\Python\Python314\site-packages\requests\sessions.py", line 589, in request
    resp = self.send(prep, **send_kwargs)
  File "C:\Users\patri\AppData\Roaming\Python\Python314\site-packages\requests\sessions.py", line 703, in send
    r = adapter.send(request, **kwargs)
  File "C:\Users\patri\AppData\Roaming\Python\Python314\site-packages\requests\adapters.py", line 486, in send
    resp = conn.urlopen(
        method=request.method,
    ...<9 lines>...
        chunked=chunked,
    )
  File "C:\Users\patri\AppData\Roaming\Python\Python314\site-packages\urllib3\connectionpool.py", line 787, in urlopen
    response = self._make_request(
        conn,
    ...<10 lines>...
        **response_kw,
    )
  File "C:\Users\patri\AppData\Roaming\Python\Python314\site-packages\urllib3\connectionpool.py", line 493, in _make_request
    conn.request(
    ~~~~~~~~~~~~^
        method,
        ^^^^^^^
    ...<6 lines>...
        enforce_content_length=enforce_content_length,
        ^^^^^^^^^^^^^^^^^^^^^^^^^^^^^^^^^^^^^^^^^^^^^^
    )
    ^
  File "C:\Users\patri\AppData\Roaming\Python\Python314\site-packages\urllib3\connection.py", line 494, in request
    self.endheaders()
    ~~~~~~~~~~~~~~~^^
  File "C:\Python314\Lib\http\client.py", line 1333, in endheaders
    self._send_output(message_body, encode_chunked=encode_chunked)
    ~~~~~~~~~~~~~~~~~^^^^^^^^^^^^^^^^^^^^^^^^^^^^^^^^^^^^^^^^^^^^^
  File "C:\Python314\Lib\http\client.py", line 1093, in _send_output
    self.send(msg)
    ~~~~~~~~~^^^^^
  File "C:\Python314\Lib\http\client.py", line 1037, in send
    self.connect()
    ~~~~~~~~~~~~^^
  File "C:\Users\patri\AppData\Roaming\Python\Python314\site-packages\docker\transport\npipeconn.py", line 25, in connect
    sock.connect(self.npipe_path)
    ~~~~~~~~~~~~^^^^^^^^^^^^^^^^^
  File "C:\Users\patri\AppData\Roaming\Python\Python314\site-packages\docker\transport\npipesocket.py", line 25, in wrapped
    return f(self, *args, **kwargs)
  File "C:\Users\patri\AppData\Roaming\Python\Python314\site-packages\docker\transport\npipesocket.py", line 76, in connect
    raise e
  File "C:\Users\patri\AppData\Roaming\Python\Python314\site-packages\docker\transport\npipesocket.py", line 54, in connect
    handle = win32file.CreateFile(
        address,
    ...<7 lines>...
        0
    )
pywintypes.error: (2, 'CreateFile', 'The system cannot find the file specified.')

The above exception was the direct cause of the following exception:

Traceback (most recent call last):
  File "d:\Projects\aegis-sentinel\src\healer.py", line 100, in __init__
    self._docker_client = docker.from_env()
                          ~~~~~~~~~~~~~~~^^
  File "C:\Users\patri\AppData\Roaming\Python\Python314\site-packages\docker\client.py", line 94, in from_env
    return cls(
        timeout=timeout,
    ...<3 lines>...
        **kwargs_from_env(**kwargs)
    )
  File "C:\Users\patri\AppData\Roaming\Python\Python314\site-packages\docker\client.py", line 45, in __init__
    self.api = APIClient(*args, **kwargs)
               ~~~~~~~~~^^^^^^^^^^^^^^^^^
  File "C:\Users\patri\AppData\Roaming\Python\Python314\site-packages\docker\api\client.py", line 207, in __init__
    self._version = self._retrieve_server_version()
                    ~~~~~~~~~~~~~~~~~~~~~~~~~~~~~^^
  File "C:\Users\patri\AppData\Roaming\Python\Python314\site-packages\docker\api\client.py", line 230, in _retrieve_server_version
    raise DockerException(
        f'Error while fetching server API version: {e}'
    ) from e
docker.errors.DockerException: Error while fetching server API version: (2, 'CreateFile', 'The system cannot find the file specified.')
2026-02-18 20:38:48,345 - src.healer - INFO - Cache recovery handler initialized
2026-02-18 20:38:48,345 - src.healer - INFO - Service recovery handler initialized
2026-02-18 20:38:48,345 - src.healer - INFO - Recovery engine initialized
2026-02-18 20:38:48,345 - __main__ - INFO - Aegis Sentinel initialized
2026-02-18 20:38:48,345 - __main__ - INFO - Starting Aegis Sentinel service
2026-02-18 20:38:48,345 - src.monitor - INFO - System monitoring started
2026-02-18 20:38:48,345 - __main__ - INFO - Aegis Sentinel service started successfully
2026-02-18 20:38:48,345 - __main__ - INFO - Aegis Sentinel is running. Press Ctrl+C to stop.
2026-02-18 20:38:49,357 - src.detector - WARNING - Insufficient data for training Isolation Forest model
2026-02-18 20:38:49,357 - src.detector - WARNING - Insufficient data for statistical analysis
2026-02-18 20:38:49,357 - src.detector - INFO - Anomaly detection completed
2026-02-18 20:39:00,375 - src.detector - WARNING - Insufficient data for training Isolation Forest model
2026-02-18 20:39:00,376 - src.detector - WARNING - Insufficient data for statistical analysis
2026-02-18 20:39:00,376 - src.detector - INFO - Anomaly detection completed
2026-02-18 20:39:11,399 - src.detector - WARNING - Insufficient data for training Isolation Forest model
2026-02-18 20:39:11,400 - src.detector - WARNING - Insufficient data for statistical analysis
2026-02-18 20:39:11,400 - src.detector - INFO - Anomaly detection completed
2026-02-18 20:39:22,428 - src.detector - WARNING - Insufficient data for training Isolation Forest model
2026-02-18 20:39:22,428 - src.detector - WARNING - Insufficient data for statistical analysis
2026-02-18 20:39:22,428 - src.detector - INFO - Anomaly detection completed
2026-02-18 20:39:33,439 - src.detector - WARNING - Insufficient data for training Isolation Forest model
2026-02-18 20:39:33,439 - src.detector - WARNING - Insufficient data for statistical analysis
2026-02-18 20:39:33,439 - src.detector - INFO - Anomaly detection completed
2026-02-18 20:39:44,459 - src.detector - WARNING - Insufficient data for training Isolation Forest model
2026-02-18 20:39:44,460 - src.detector - WARNING - Insufficient data for statistical analysis
2026-02-18 20:39:44,460 - src.detector - INFO - Anomaly detection completed
2026-02-18 20:50:15,532 - src.monitor - INFO - SystemMonitor initialized
2026-02-18 20:50:15,532 - src.detector - INFO - IsolationForestDetector initialized
2026-02-18 20:50:15,532 - src.detector - INFO - StatisticalDetector initialized
2026-02-18 20:50:15,532 - src.detector - INFO - AnomalyDetectorService initialized
2026-02-18 20:50:15,533 - src.healer - WARNING - Docker client initialization failed - entering monitor-only mode
Traceback (most recent call last):
  File "C:\Users\patri\AppData\Roaming\Python\Python314\site-packages\docker\api\client.py", line 223, in _retrieve_server_version
    return self.version(api_version=False)["ApiVersion"]
           ~~~~~~~~~~~~^^^^^^^^^^^^^^^^^^^
  File "C:\Users\patri\AppData\Roaming\Python\Python314\site-packages\docker\api\daemon.py", line 181, in version
    return self._result(self._get(url), json=True)
                        ~~~~~~~~~^^^^^
  File "C:\Users\patri\AppData\Roaming\Python\Python314\site-packages\docker\utils\decorators.py", line 44, in inner
    return f(self, *args, **kwargs)
  File "C:\Users\patri\AppData\Roaming\Python\Python314\site-packages\docker\api\client.py", line 246, in _get
    return self.get(url, **self._set_request_timeout(kwargs))
           ~~~~~~~~^^^^^^^^^^^^^^^^^^^^^^^^^^^^^^^^^^^^^^^^^^
  File "C:\Users\patri\AppData\Roaming\Python\Python314\site-packages\requests\sessions.py", line 602, in get
    return self.request("GET", url, **kwargs)
           ~~~~~~~~~~~~^^^^^^^^^^^^^^^^^^^^^^
  File "C:\Users\patri\AppData\Roaming\Python\Python314\site-packages\requests\sessions.py", line 589, in request
    resp = self.send(prep, **send_kwargs)
  File "C:\Users\patri\AppData\Roaming\Python\Python314\site-packages\requests\sessions.py", line 703, in send
    r = adapter.send(request, **kwargs)
  File "C:\Users\patri\AppData\Roaming\Python\Python314\site-packages\requests\adapters.py", line 486, in send
    resp = conn.urlopen(
        method=request.method,
    ...<9 lines>...
        chunked=chunked,
    )
  File "C:\Users\patri\AppData\Roaming\Python\Python314\site-packages\urllib3\connectionpool.py", line 787, in urlopen
    response = self._make_request(
        conn,
    ...<10 lines>...
        **response_kw,
    )
  File "C:\Users\patri\AppData\Roaming\Python\Python314\site-packages\urllib3\connectionpool.py", line 493, in _make_request
    conn.request(
    ~~~~~~~~~~~~^
        method,
        ^^^^^^^
    ...<6 lines>...
        enforce_content_length=enforce_content_length,
        ^^^^^^^^^^^^^^^^^^^^^^^^^^^^^^^^^^^^^^^^^^^^^^
    )
    ^
  File "C:\Users\patri\AppData\Roaming\Python\Python314\site-packages\urllib3\connection.py", line 494, in request
    self.endheaders()
    ~~~~~~~~~~~~~~~^^
  File "C:\Python314\Lib\http\client.py", line 1333, in endheaders
    self._send_output(message_body, encode_chunked=encode_chunked)
    ~~~~~~~~~~~~~~~~~^^^^^^^^^^^^^^^^^^^^^^^^^^^^^^^^^^^^^^^^^^^^^
  File "C:\Python314\Lib\http\client.py", line 1093, in _send_output
    self.send(msg)
    ~~~~~~~~~^^^^^
  File "C:\Python314\Lib\http\client.py", line 1037, in send
    self.connect()
    ~~~~~~~~~~~~^^
  File "C:\Users\patri\AppData\Roaming\Python\Python314\site-packages\docker\transport\npipeconn.py", line 25, in connect
    sock.connect(self.npipe_path)
    ~~~~~~~~~~~~^^^^^^^^^^^^^^^^^
  File "C:\Users\patri\AppData\Roaming\Python\Python314\site-packages\docker\transport\npipesocket.py", line 25, in wrapped
    return f(self, *args, **kwargs)
  File "C:\Users\patri\AppData\Roaming\Python\Python314\site-packages\docker\transport\npipesocket.py", line 76, in connect
    raise e
  File "C:\Users\patri\AppData\Roaming\Python\Python314\site-packages\docker\transport\npipesocket.py", line 54, in connect
    handle = win32file.CreateFile(
        address,
    ...<7 lines>...
        0
    )
pywintypes.error: (2, 'CreateFile', 'The system cannot find the file specified.')

The above exception was the direct cause of the following exception:

Traceback (most recent call last):
  File "d:\Projects\aegis-sentinel\src\healer.py", line 101, in __init__
    self._docker_client = docker.from_env()
                          ~~~~~~~~~~~~~~~^^
  File "C:\Users\patri\AppData\Roaming\Python\Python314\site-packages\docker\client.py", line 94, in from_env
    return cls(
        timeout=timeout,
    ...<3 lines>...
        **kwargs_from_env(**kwargs)
    )
  File "C:\Users\patri\AppData\Roaming\Python\Python314\site-packages\docker\client.py", line 45, in __init__
    self.api = APIClient(*args, **kwargs)
               ~~~~~~~~~^^^^^^^^^^^^^^^^^
  File "C:\Users\patri\AppData\Roaming\Python\Python314\site-packages\docker\api\client.py", line 207, in __init__
    self._version = self._retrieve_server_version()
                    ~~~~~~~~~~~~~~~~~~~~~~~~~~~~~^^
  File "C:\Users\patri\AppData\Roaming\Python\Python314\site-packages\docker\api\client.py", line 230, in _retrieve_server_version
    raise DockerException(
        f'Error while fetching server API version: {e}'
    ) from e
docker.errors.DockerException: Error while fetching server API version: (2, 'CreateFile', 'The system cannot find the file specified.')
2026-02-18 20:50:15,540 - src.healer - INFO - Cache recovery handler initialized
2026-02-18 20:50:15,540 - src.healer - INFO - Service recovery handler initialized
2026-02-18 20:50:15,540 - src.healer - INFO - Recovery engine initialized
2026-02-18 20:50:15,540 - __main__ - INFO - Aegis Sentinel initialized
2026-02-18 20:50:15,540 - __main__ - INFO - Starting Aegis Sentinel service
2026-02-18 20:50:15,540 - src.monitor - INFO - System monitoring started
2026-02-18 20:50:15,540 - __main__ - INFO - Aegis Sentinel service started successfully
2026-02-18 20:50:15,540 - __main__ - INFO - Aegis Sentinel is running. Press Ctrl+C to stop.
2026-02-18 20:50:16,551 - src.detector - WARNING - Insufficient data for training Isolation Forest model
2026-02-18 20:50:16,552 - src.detector - WARNING - Insufficient data for statistical analysis
2026-02-18 20:50:16,552 - src.detector - INFO - Anomaly detection completed
2026-02-18 20:50:27,572 - src.detector - WARNING - Insufficient data for training Isolation Forest model
2026-02-18 20:50:27,573 - src.detector - WARNING - Insufficient data for statistical analysis
2026-02-18 20:50:27,573 - src.detector - INFO - Anomaly detection completed
2026-02-18 20:50:38,594 - src.detector - WARNING - Insufficient data for training Isolation Forest model
2026-02-18 20:50:38,594 - src.detector - WARNING - Insufficient data for statistical analysis
2026-02-18 20:50:38,594 - src.detector - INFO - Anomaly detection completed
2026-02-18 20:50:49,611 - src.detector - WARNING - Insufficient data for training Isolation Forest model
2026-02-18 20:50:49,611 - src.detector - WARNING - Insufficient data for statistical analysis
2026-02-18 20:50:49,611 - src.detector - INFO - Anomaly detection completed
2026-02-18 20:51:00,632 - src.detector - WARNING - Insufficient data for training Isolation Forest model
2026-02-18 20:51:00,633 - src.detector - WARNING - Insufficient data for statistical analysis
2026-02-18 20:51:00,633 - src.detector - INFO - Anomaly detection completed
2026-02-18 20:51:11,658 - src.detector - WARNING - Insufficient data for training Isolation Forest model
2026-02-18 20:51:11,659 - src.detector - WARNING - Insufficient data for statistical analysis
2026-02-18 20:51:11,659 - src.detector - INFO - Anomaly detection completed
2026-02-18 20:51:22,675 - src.detector - WARNING - Insufficient data for training Isolation Forest model
2026-02-18 20:51:22,675 - src.detector - WARNING - Insufficient data for statistical analysis
2026-02-18 20:51:22,675 - src.detector - INFO - Anomaly detection completed
2026-02-18 20:51:33,685 - src.detector - WARNING - Insufficient data for training Isolation Forest model
2026-02-18 20:51:33,685 - src.detector - WARNING - Insufficient data for statistical analysis
2026-02-18 20:51:33,685 - src.detector - INFO - Anomaly detection completed
2026-02-18 20:51:44,697 - src.detector - WARNING - Insufficient data for training Isolation Forest model
2026-02-18 20:51:44,697 - src.detector - WARNING - Insufficient data for statistical analysis
2026-02-18 20:51:44,697 - src.detector - INFO - Anomaly detection completed
2026-02-18 20:51:55,708 - src.detector - WARNING - Insufficient data for training Isolation Forest model
2026-02-18 20:51:55,708 - src.detector - WARNING - Insufficient data for statistical analysis
2026-02-18 20:51:55,708 - src.detector - INFO - Anomaly detection completed
2026-02-18 20:52:06,720 - src.detector - WARNING - Insufficient data for training Isolation Forest model
2026-02-18 20:52:06,721 - src.detector - WARNING - Insufficient data for statistical analysis
2026-02-18 20:52:06,721 - src.detector - INFO - Anomaly detection completed
2026-02-18 20:52:17,731 - src.detector - WARNING - Insufficient data for training Isolation Forest model
2026-02-18 20:52:17,732 - src.detector - WARNING - Insufficient data for statistical analysis
2026-02-18 20:52:17,732 - src.detector - INFO - Anomaly detection completed
2026-02-18 20:52:28,750 - src.detector - WARNING - Insufficient data for training Isolation Forest model
2026-02-18 20:52:28,750 - src.detector - WARNING - Insufficient data for statistical analysis
2026-02-18 20:52:28,750 - src.detector - INFO - Anomaly detection completed
2026-02-18 20:52:39,843 - src.detector - WARNING - Insufficient data for training Isolation Forest model
2026-02-18 20:52:39,843 - src.detector - WARNING - Insufficient data for statistical analysis
2026-02-18 20:52:39,844 - src.detector - INFO - Anomaly detection completed
2026-02-18 20:52:50,869 - src.detector - WARNING - Insufficient data for training Isolation Forest model
2026-02-18 20:52:50,869 - src.detector - WARNING - Insufficient data for statistical analysis
2026-02-18 20:52:50,869 - src.detector - INFO - Anomaly detection completed
2026-02-18 20:53:01,882 - src.detector - WARNING - Insufficient data for training Isolation Forest model
2026-02-18 20:53:01,882 - src.detector - WARNING - Insufficient data for statistical analysis
2026-02-18 20:53:01,882 - src.detector - INFO - Anomaly detection completed
2026-02-18 20:53:12,900 - src.detector - WARNING - Insufficient data for training Isolation Forest model
2026-02-18 20:53:12,900 - src.detector - WARNING - Insufficient data for statistical analysis
2026-02-18 20:53:12,900 - src.detector - INFO - Anomaly detection completed
2026-02-18 20:53:24,007 - src.detector - WARNING - Insufficient data for training Isolation Forest model
2026-02-18 20:53:24,008 - src.detector - WARNING - Insufficient data for statistical analysis
2026-02-18 20:53:24,008 - src.detector - INFO - Anomaly detection completed
2026-02-18 20:53:35,028 - src.detector - WARNING - Insufficient data for training Isolation Forest model
2026-02-18 20:53:35,028 - src.detector - WARNING - Insufficient data for statistical analysis
2026-02-18 20:53:35,028 - src.detector - INFO - Anomaly detection completed
2026-02-18 20:53:46,057 - src.detector - WARNING - Insufficient data for training Isolation Forest model
2026-02-18 20:53:46,058 - src.detector - WARNING - Insufficient data for statistical analysis
2026-02-18 20:53:46,058 - src.detector - INFO - Anomaly detection completed
2026-02-18 20:53:57,078 - src.detector - WARNING - Insufficient data for training Isolation Forest model
2026-02-18 20:53:57,078 - src.detector - WARNING - Insufficient data for statistical analysis
2026-02-18 20:53:57,078 - src.detector - INFO - Anomaly detection completed
2026-02-18 20:54:08,098 - src.detector - WARNING - Insufficient data for training Isolation Forest model
2026-02-18 20:54:08,098 - src.detector - WARNING - Insufficient data for statistical analysis
2026-02-18 20:54:08,098 - src.detector - INFO - Anomaly detection completed
2026-02-18 20:54:19,136 - src.detector - WARNING - Insufficient data for training Isolation Forest model
2026-02-18 20:54:19,136 - src.detector - WARNING - Insufficient data for statistical analysis
2026-02-18 20:54:19,136 - src.detector - INFO - Anomaly detection completed
2026-02-18 20:54:30,152 - src.detector - WARNING - Insufficient data for training Isolation Forest model
2026-02-18 20:54:30,152 - src.detector - WARNING - Insufficient data for statistical analysis
2026-02-18 20:54:30,152 - src.detector - INFO - Anomaly detection completed
2026-02-18 20:54:41,176 - src.detector - WARNING - Insufficient data for training Isolation Forest model
2026-02-18 20:54:41,176 - src.detector - WARNING - Insufficient data for statistical analysis
2026-02-18 20:54:41,176 - src.detector - INFO - Anomaly detection completed
2026-02-18 20:54:52,217 - src.detector - WARNING - Insufficient data for training Isolation Forest model
2026-02-18 20:54:52,217 - src.detector - WARNING - Insufficient data for statistical analysis
2026-02-18 20:54:52,217 - src.detector - INFO - Anomaly detection completed
2026-02-18 20:55:03,243 - src.detector - WARNING - Insufficient data for training Isolation Forest model
2026-02-18 20:55:03,243 - src.detector - WARNING - Insufficient data for statistical analysis
2026-02-18 20:55:03,243 - src.detector - INFO - Anomaly detection completed
2026-02-18 20:55:10,400 - src.monitor - INFO - SystemMonitor initialized
2026-02-18 20:55:10,400 - src.detector - INFO - IsolationForestDetector initialized
2026-02-18 20:55:10,400 - src.detector - INFO - StatisticalDetector initialized
2026-02-18 20:55:10,400 - src.detector - INFO - AnomalyDetectorService initialized
2026-02-18 20:55:10,402 - src.healer - WARNING - Docker client initialization failed - entering monitor-only mode
Traceback (most recent call last):
  File "C:\Users\patri\AppData\Roaming\Python\Python314\site-packages\docker\api\client.py", line 223, in _retrieve_server_version
    return self.version(api_version=False)["ApiVersion"]
           ~~~~~~~~~~~~^^^^^^^^^^^^^^^^^^^
  File "C:\Users\patri\AppData\Roaming\Python\Python314\site-packages\docker\api\daemon.py", line 181, in version
    return self._result(self._get(url), json=True)
                        ~~~~~~~~~^^^^^
  File "C:\Users\patri\AppData\Roaming\Python\Python314\site-packages\docker\utils\decorators.py", line 44, in inner
    return f(self, *args, **kwargs)
  File "C:\Users\patri\AppData\Roaming\Python\Python314\site-packages\docker\api\client.py", line 246, in _get
    return self.get(url, **self._set_request_timeout(kwargs))
           ~~~~~~~~^^^^^^^^^^^^^^^^^^^^^^^^^^^^^^^^^^^^^^^^^^
  File "C:\Users\patri\AppData\Roaming\Python\Python314\site-packages\requests\sessions.py", line 602, in get
    return self.request("GET", url, **kwargs)
           ~~~~~~~~~~~~^^^^^^^^^^^^^^^^^^^^^^
  File "C:\Users\patri\AppData\Roaming\Python\Python314\site-packages\requests\sessions.py", line 589, in request
    resp = self.send(prep, **send_kwargs)
  File "C:\Users\patri\AppData\Roaming\Python\Python314\site-packages\requests\sessions.py", line 703, in send
    r = adapter.send(request, **kwargs)
  File "C:\Users\patri\AppData\Roaming\Python\Python314\site-packages\requests\adapters.py", line 486, in send
    resp = conn.urlopen(
        method=request.method,
    ...<9 lines>...
        chunked=chunked,
    )
  File "C:\Users\patri\AppData\Roaming\Python\Python314\site-packages\urllib3\connectionpool.py", line 787, in urlopen
    response = self._make_request(
        conn,
    ...<10 lines>...
        **response_kw,
    )
  File "C:\Users\patri\AppData\Roaming\Python\Python314\site-packages\urllib3\connectionpool.py", line 493, in _make_request
    conn.request(
    ~~~~~~~~~~~~^
        method,
        ^^^^^^^
    ...<6 lines>...
        enforce_content_length=enforce_content_length,
        ^^^^^^^^^^^^^^^^^^^^^^^^^^^^^^^^^^^^^^^^^^^^^^
    )
    ^
  File "C:\Users\patri\AppData\Roaming\Python\Python314\site-packages\urllib3\connection.py", line 494, in request
    self.endheaders()
    ~~~~~~~~~~~~~~~^^
  File "C:\Python314\Lib\http\client.py", line 1333, in endheaders
    self._send_output(message_body, encode_chunked=encode_chunked)
    ~~~~~~~~~~~~~~~~~^^^^^^^^^^^^^^^^^^^^^^^^^^^^^^^^^^^^^^^^^^^^^
  File "C:\Python314\Lib\http\client.py", line 1093, in _send_output
    self.send(msg)
    ~~~~~~~~~^^^^^
  File "C:\Python314\Lib\http\client.py", line 1037, in send
    self.connect()
    ~~~~~~~~~~~~^^
  File "C:\Users\patri\AppData\Roaming\Python\Python314\site-packages\docker\transport\npipeconn.py", line 25, in connect
    sock.connect(self.npipe_path)
    ~~~~~~~~~~~~^^^^^^^^^^^^^^^^^
  File "C:\Users\patri\AppData\Roaming\Python\Python314\site-packages\docker\transport\npipesocket.py", line 25, in wrapped
    return f(self, *args, **kwargs)
  File "C:\Users\patri\AppData\Roaming\Python\Python314\site-packages\docker\transport\npipesocket.py", line 76, in connect
    raise e
  File "C:\Users\patri\AppData\Roaming\Python\Python314\site-packages\docker\transport\npipesocket.py", line 54, in connect
    handle = win32file.CreateFile(
        address,
    ...<7 lines>...
        0
    )
pywintypes.error: (2, 'CreateFile', 'The system cannot find the file specified.')

The above exception was the direct cause of the following exception:

Traceback (most recent call last):
  File "d:\Projects\aegis-sentinel\src\healer.py", line 101, in __init__
    self._docker_client = docker.from_env()
                          ~~~~~~~~~~~~~~~^^
  File "C:\Users\patri\AppData\Roaming\Python\Python314\site-packages\docker\client.py", line 94, in from_env
    return cls(
        timeout=timeout,
    ...<3 lines>...
        **kwargs_from_env(**kwargs)
    )
  File "C:\Users\patri\AppData\Roaming\Python\Python314\site-packages\docker\client.py", line 45, in __init__
    self.api = APIClient(*args, **kwargs)
               ~~~~~~~~~^^^^^^^^^^^^^^^^^
  File "C:\Users\patri\AppData\Roaming\Python\Python314\site-packages\docker\api\client.py", line 207, in __init__
    self._version = self._retrieve_server_version()
                    ~~~~~~~~~~~~~~~~~~~~~~~~~~~~~^^
  File "C:\Users\patri\AppData\Roaming\Python\Python314\site-packages\docker\api\client.py", line 230, in _retrieve_server_version
    raise DockerException(
        f'Error while fetching server API version: {e}'
    ) from e
docker.errors.DockerException: Error while fetching server API version: (2, 'CreateFile', 'The system cannot find the file specified.')
2026-02-18 20:55:10,407 - src.healer - INFO - Cache recovery handler initialized
2026-02-18 20:55:10,407 - src.healer - INFO - Service recovery handler initialized
2026-02-18 20:55:10,408 - src.healer - INFO - Recovery engine initialized
2026-02-18 20:55:10,408 - __main__ - INFO - Aegis Sentinel initialized
2026-02-18 20:55:10,408 - __main__ - INFO - Starting Aegis Sentinel service
2026-02-18 20:55:10,408 - src.monitor - INFO - System monitoring started
2026-02-18 20:55:10,408 - __main__ - INFO - Aegis Sentinel service started successfully
2026-02-18 20:55:10,408 - __main__ - INFO - Aegis Sentinel is running. Press Ctrl+C to stop.
2026-02-18 20:55:11,422 - src.detector - WARNING - Insufficient data for training Isolation Forest model
2026-02-18 20:55:11,422 - src.detector - WARNING - Insufficient data for statistical analysis
2026-02-18 20:55:11,422 - src.detector - INFO - Anomaly detection completed
2026-02-18 20:55:14,260 - src.detector - WARNING - Insufficient data for training Isolation Forest model
2026-02-18 20:55:14,260 - src.detector - WARNING - Insufficient data for statistical analysis
2026-02-18 20:55:14,260 - src.detector - INFO - Anomaly detection completed
2026-02-18 20:55:22,434 - src.detector - WARNING - Insufficient data for training Isolation Forest model
2026-02-18 20:55:22,434 - src.detector - WARNING - Insufficient data for statistical analysis
2026-02-18 20:55:22,434 - src.detector - INFO - Anomaly detection completed
2026-02-18 20:55:25,276 - src.detector - WARNING - Insufficient data for training Isolation Forest model
2026-02-18 20:55:25,276 - src.detector - WARNING - Insufficient data for statistical analysis
2026-02-18 20:55:25,276 - src.detector - INFO - Anomaly detection completed
2026-02-18 20:55:33,451 - src.detector - WARNING - Insufficient data for training Isolation Forest model
2026-02-18 20:55:33,451 - src.detector - WARNING - Insufficient data for statistical analysis
2026-02-18 20:55:33,451 - src.detector - INFO - Anomaly detection completed
2026-02-18 20:55:36,288 - src.detector - WARNING - Insufficient data for training Isolation Forest model
2026-02-18 20:55:36,288 - src.detector - WARNING - Insufficient data for statistical analysis
2026-02-18 20:55:36,288 - src.detector - INFO - Anomaly detection completed
2026-02-18 20:55:44,474 - src.detector - WARNING - Insufficient data for training Isolation Forest model
2026-02-18 20:55:44,474 - src.detector - WARNING - Insufficient data for statistical analysis
2026-02-18 20:55:44,474 - src.detector - INFO - Anomaly detection completed
2026-02-18 20:55:47,299 - src.detector - WARNING - Insufficient data for training Isolation Forest model
2026-02-18 20:55:47,299 - src.detector - WARNING - Insufficient data for statistical analysis
2026-02-18 20:55:47,299 - src.detector - INFO - Anomaly detection completed
2026-02-18 20:55:55,490 - src.monitor - INFO - Internal health check
2026-02-18 20:55:55,490 - src.detector - WARNING - Insufficient data for training Isolation Forest model
2026-02-18 20:55:55,490 - src.detector - WARNING - Insufficient data for statistical analysis
2026-02-18 20:55:55,490 - src.detector - INFO - Anomaly detection completed
2026-02-18 20:55:58,309 - src.detector - WARNING - Insufficient data for training Isolation Forest model
2026-02-18 20:55:58,309 - src.detector - WARNING - Insufficient data for statistical analysis
2026-02-18 20:55:58,309 - src.detector - INFO - Anomaly detection completed
2026-02-18 20:56:06,516 - src.detector - WARNING - Insufficient data for training Isolation Forest model
2026-02-18 20:56:06,516 - src.detector - WARNING - Insufficient data for statistical analysis
2026-02-18 20:56:06,516 - src.detector - INFO - Anomaly detection completed
2026-02-18 20:56:09,334 - src.detector - WARNING - Insufficient data for training Isolation Forest model
2026-02-18 20:56:09,335 - src.detector - WARNING - Insufficient data for statistical analysis
2026-02-18 20:56:09,335 - src.detector - INFO - Anomaly detection completed
2026-02-18 20:56:17,537 - src.detector - WARNING - Insufficient data for training Isolation Forest model
2026-02-18 20:56:17,538 - src.detector - WARNING - Insufficient data for statistical analysis
2026-02-18 20:56:17,538 - src.detector - INFO - Anomaly detection completed
2026-02-18 20:56:20,353 - src.detector - WARNING - Insufficient data for training Isolation Forest model
2026-02-18 20:56:20,353 - src.detector - WARNING - Insufficient data for statistical analysis
2026-02-18 20:56:20,353 - src.detector - INFO - Anomaly detection completed
2026-02-18 20:56:28,550 - src.detector - WARNING - Insufficient data for training Isolation Forest model
2026-02-18 20:56:28,550 - src.detector - WARNING - Insufficient data for statistical analysis
2026-02-18 20:56:28,550 - src.detector - INFO - Anomaly detection completed
2026-02-18 20:56:31,373 - src.detector - WARNING - Insufficient data for training Isolation Forest model
2026-02-18 20:56:31,374 - src.detector - WARNING - Insufficient data for statistical analysis
2026-02-18 20:56:31,374 - src.detector - INFO - Anomaly detection completed
2026-02-18 20:56:39,577 - src.detector - WARNING - Insufficient data for training Isolation Forest model
2026-02-18 20:56:39,577 - src.detector - WARNING - Insufficient data for statistical analysis
2026-02-18 20:56:39,577 - src.detector - INFO - Anomaly detection completed
2026-02-18 20:56:42,390 - src.detector - WARNING - Insufficient data for training Isolation Forest model
2026-02-18 20:56:42,390 - src.detector - WARNING - Insufficient data for statistical analysis
2026-02-18 20:56:42,390 - src.detector - INFO - Anomaly detection completed
2026-02-18 20:56:50,595 - src.monitor - INFO - Internal health check
2026-02-18 20:56:50,595 - src.detector - WARNING - Insufficient data for training Isolation Forest model
2026-02-18 20:56:50,596 - src.detector - WARNING - Insufficient data for statistical analysis
2026-02-18 20:56:50,596 - src.detector - INFO - Anomaly detection completed
2026-02-18 20:56:53,414 - src.detector - WARNING - Insufficient data for training Isolation Forest model
2026-02-18 20:56:53,414 - src.detector - WARNING - Insufficient data for statistical analysis
2026-02-18 20:56:53,414 - src.detector - INFO - Anomaly detection completed
2026-02-18 20:57:01,613 - src.detector - WARNING - Insufficient data for training Isolation Forest model
2026-02-18 20:57:01,613 - src.detector - WARNING - Insufficient data for statistical analysis
2026-02-18 20:57:01,613 - src.detector - INFO - Anomaly detection completed
2026-02-18 20:57:04,434 - src.detector - WARNING - Insufficient data for training Isolation Forest model
2026-02-18 20:57:04,434 - src.detector - WARNING - Insufficient data for statistical analysis
2026-02-18 20:57:04,434 - src.detector - INFO - Anomaly detection completed
2026-02-18 20:57:12,626 - src.detector - WARNING - Insufficient data for training Isolation Forest model
2026-02-18 20:57:12,626 - src.detector - WARNING - Insufficient data for statistical analysis
2026-02-18 20:57:12,626 - src.detector - INFO - Anomaly detection completed
2026-02-18 20:57:15,451 - src.detector - WARNING - Insufficient data for training Isolation Forest model
2026-02-18 20:57:15,452 - src.detector - WARNING - Insufficient data for statistical analysis
2026-02-18 20:57:15,452 - src.detector - INFO - Anomaly detection completed
2026-02-18 20:57:23,650 - src.detector - WARNING - Insufficient data for training Isolation Forest model
2026-02-18 20:57:23,651 - src.detector - WARNING - Insufficient data for statistical analysis
2026-02-18 20:57:23,651 - src.detector - INFO - Anomaly detection completed
2026-02-18 20:57:26,599 - src.detector - WARNING - Insufficient data for training Isolation Forest model
2026-02-18 20:57:26,599 - src.detector - WARNING - Insufficient data for statistical analysis
2026-02-18 20:57:26,599 - src.detector - INFO - Anomaly detection completed
2026-02-18 20:57:34,666 - src.detector - WARNING - Insufficient data for training Isolation Forest model
2026-02-18 20:57:34,666 - src.detector - WARNING - Insufficient data for statistical analysis
2026-02-18 20:57:34,666 - src.detector - INFO - Anomaly detection completed
2026-02-18 20:57:37,620 - src.detector - WARNING - Insufficient data for training Isolation Forest model
2026-02-18 20:57:37,621 - src.detector - WARNING - Insufficient data for statistical analysis
2026-02-18 20:57:37,621 - src.detector - INFO - Anomaly detection completed
2026-02-18 20:57:45,685 - src.monitor - INFO - Internal health check
2026-02-18 20:57:45,685 - src.detector - WARNING - Insufficient data for training Isolation Forest model
2026-02-18 20:57:45,685 - src.detector - WARNING - Insufficient data for statistical analysis
2026-02-18 20:57:45,686 - src.detector - INFO - Anomaly detection completed
2026-02-18 20:57:48,633 - src.detector - WARNING - Insufficient data for training Isolation Forest model
2026-02-18 20:57:48,633 - src.detector - WARNING - Insufficient data for statistical analysis
2026-02-18 20:57:48,633 - src.detector - INFO - Anomaly detection completed
2026-02-18 20:57:56,710 - src.detector - WARNING - Insufficient data for training Isolation Forest model
2026-02-18 20:57:56,711 - src.detector - WARNING - Insufficient data for statistical analysis
2026-02-18 20:57:56,711 - src.detector - INFO - Anomaly detection completed
2026-02-18 20:59:49,331 - monitor - INFO - SystemMonitor initialized
2026-02-18 20:59:49,331 - detector - INFO - IsolationForestDetector initialized
2026-02-18 20:59:49,331 - detector - INFO - StatisticalDetector initialized
2026-02-18 20:59:49,331 - detector - INFO - AnomalyDetectorService initialized
2026-02-18 20:59:49,332 - healer - WARNING - Docker client initialization failed - entering monitor-only mode
Traceback (most recent call last):
  File "C:\Users\patri\AppData\Roaming\Python\Python314\site-packages\docker\api\client.py", line 223, in _retrieve_server_version
    return self.version(api_version=False)["ApiVersion"]
           ~~~~~~~~~~~~^^^^^^^^^^^^^^^^^^^
  File "C:\Users\patri\AppData\Roaming\Python\Python314\site-packages\docker\api\daemon.py", line 181, in version
    return self._result(self._get(url), json=True)
                        ~~~~~~~~~^^^^^
  File "C:\Users\patri\AppData\Roaming\Python\Python314\site-packages\docker\utils\decorators.py", line 44, in inner
    return f(self, *args, **kwargs)
  File "C:\Users\patri\AppData\Roaming\Python\Python314\site-packages\docker\api\client.py", line 246, in _get
    return self.get(url, **self._set_request_timeout(kwargs))
           ~~~~~~~~^^^^^^^^^^^^^^^^^^^^^^^^^^^^^^^^^^^^^^^^^^
  File "C:\Users\patri\AppData\Roaming\Python\Python314\site-packages\requests\sessions.py", line 602, in get
    return self.request("GET", url, **kwargs)
           ~~~~~~~~~~~~^^^^^^^^^^^^^^^^^^^^^^
  File "C:\Users\patri\AppData\Roaming\Python\Python314\site-packages\requests\sessions.py", line 589, in request
    resp = self.send(prep, **send_kwargs)
  File "C:\Users\patri\AppData\Roaming\Python\Python314\site-packages\requests\sessions.py", line 703, in send
    r = adapter.send(request, **kwargs)
  File "C:\Users\patri\AppData\Roaming\Python\Python314\site-packages\requests\adapters.py", line 486, in send
    resp = conn.urlopen(
        method=request.method,
    ...<9 lines>...
        chunked=chunked,
    )
  File "C:\Users\patri\AppData\Roaming\Python\Python314\site-packages\urllib3\connectionpool.py", line 787, in urlopen
    response = self._make_request(
        conn,
    ...<10 lines>...
        **response_kw,
    )
  File "C:\Users\patri\AppData\Roaming\Python\Python314\site-packages\urllib3\connectionpool.py", line 493, in _make_request
    conn.request(
    ~~~~~~~~~~~~^
        method,
        ^^^^^^^
    ...<6 lines>...
        enforce_content_length=enforce_content_length,
        ^^^^^^^^^^^^^^^^^^^^^^^^^^^^^^^^^^^^^^^^^^^^^^
    )
    ^
  File "C:\Users\patri\AppData\Roaming\Python\Python314\site-packages\urllib3\connection.py", line 494, in request
    self.endheaders()
    ~~~~~~~~~~~~~~~^^
  File "C:\Python314\Lib\http\client.py", line 1333, in endheaders
    self._send_output(message_body, encode_chunked=encode_chunked)
    ~~~~~~~~~~~~~~~~~^^^^^^^^^^^^^^^^^^^^^^^^^^^^^^^^^^^^^^^^^^^^^
  File "C:\Python314\Lib\http\client.py", line 1093, in _send_output
    self.send(msg)
    ~~~~~~~~~^^^^^
  File "C:\Python314\Lib\http\client.py", line 1037, in send
    self.connect()
    ~~~~~~~~~~~~^^
  File "C:\Users\patri\AppData\Roaming\Python\Python314\site-packages\docker\transport\npipeconn.py", line 25, in connect
    sock.connect(self.npipe_path)
    ~~~~~~~~~~~~^^^^^^^^^^^^^^^^^
  File "C:\Users\patri\AppData\Roaming\Python\Python314\site-packages\docker\transport\npipesocket.py", line 25, in wrapped
    return f(self, *args, **kwargs)
  File "C:\Users\patri\AppData\Roaming\Python\Python314\site-packages\docker\transport\npipesocket.py", line 76, in connect
    raise e
  File "C:\Users\patri\AppData\Roaming\Python\Python314\site-packages\docker\transport\npipesocket.py", line 54, in connect
    handle = win32file.CreateFile(
        address,
    ...<7 lines>...
        0
    )
pywintypes.error: (2, 'CreateFile', 'The system cannot find the file specified.')

The above exception was the direct cause of the following exception:

Traceback (most recent call last):
  File "d:\Projects\aegis-sentinel\src\healer.py", line 101, in __init__
    self._docker_client = docker.from_env()
                          ~~~~~~~~~~~~~~~^^
  File "C:\Users\patri\AppData\Roaming\Python\Python314\site-packages\docker\client.py", line 94, in from_env
    return cls(
        timeout=timeout,
    ...<3 lines>...
        **kwargs_from_env(**kwargs)
    )
  File "C:\Users\patri\AppData\Roaming\Python\Python314\site-packages\docker\client.py", line 45, in __init__
    self.api = APIClient(*args, **kwargs)
               ~~~~~~~~~^^^^^^^^^^^^^^^^^
  File "C:\Users\patri\AppData\Roaming\Python\Python314\site-packages\docker\api\client.py", line 207, in __init__
    self._version = self._retrieve_server_version()
                    ~~~~~~~~~~~~~~~~~~~~~~~~~~~~~^^
  File "C:\Users\patri\AppData\Roaming\Python\Python314\site-packages\docker\api\client.py", line 230, in _retrieve_server_version
    raise DockerException(
        f'Error while fetching server API version: {e}'
    ) from e
docker.errors.DockerException: Error while fetching server API version: (2, 'CreateFile', 'The system cannot find the file specified.')
2026-02-18 20:59:49,341 - healer - INFO - Cache recovery handler initialized
2026-02-18 20:59:49,341 - healer - INFO - Service recovery handler initialized
2026-02-18 20:59:49,341 - healer - INFO - Recovery engine initialized
2026-02-18 20:59:49,341 - main - INFO - Aegis Sentinel initialized
2026-02-18 20:59:49,341 - main - INFO - Starting Aegis Sentinel service
2026-02-18 20:59:49,341 - monitor - INFO - System monitoring started
2026-02-18 20:59:49,341 - main - INFO - Aegis Sentinel service started successfully
2026-02-18 20:59:49,341 - main - INFO - Aegis Sentinel is running. Press Ctrl+C to stop.
2026-02-18 20:59:50,354 - detector - WARNING - Insufficient data for training Isolation Forest model
2026-02-18 20:59:50,355 - detector - WARNING - Insufficient data for statistical analysis
2026-02-18 20:59:50,355 - detector - INFO - Anomaly detection completed
2026-02-18 21:00:01,369 - detector - WARNING - Insufficient data for training Isolation Forest model
2026-02-18 21:00:01,370 - detector - WARNING - Insufficient data for statistical analysis
2026-02-18 21:00:01,370 - detector - INFO - Anomaly detection completed
2026-02-18 21:00:12,384 - detector - WARNING - Insufficient data for training Isolation Forest model
2026-02-18 21:00:12,385 - detector - WARNING - Insufficient data for statistical analysis
2026-02-18 21:00:12,385 - detector - INFO - Anomaly detection completed
2026-02-18 21:00:23,408 - detector - WARNING - Insufficient data for training Isolation Forest model
2026-02-18 21:00:23,408 - detector - WARNING - Insufficient data for statistical analysis
2026-02-18 21:00:23,408 - detector - INFO - Anomaly detection completed
2026-02-18 21:00:34,423 - monitor - INFO - Internal health check
2026-02-18 21:00:34,424 - detector - WARNING - Insufficient data for training Isolation Forest model
2026-02-18 21:00:34,424 - detector - WARNING - Insufficient data for statistical analysis
2026-02-18 21:00:34,424 - detector - INFO - Anomaly detection completed
2026-02-18 21:00:45,447 - detector - WARNING - Insufficient data for training Isolation Forest model
2026-02-18 21:00:45,447 - detector - WARNING - Insufficient data for statistical analysis
2026-02-18 21:00:45,447 - detector - INFO - Anomaly detection completed
2026-02-18 21:04:21,427 - monitor - INFO - SystemMonitor initialized
2026-02-18 21:04:21,427 - detector - INFO - IsolationForestDetector initialized
2026-02-18 21:04:21,427 - detector - INFO - StatisticalDetector initialized
2026-02-18 21:04:21,427 - detector - INFO - AnomalyDetectorService initialized
2026-02-18 21:04:21,429 - healer - WARNING - Docker client initialization failed - entering monitor-only mode
Traceback (most recent call last):
  File "C:\Users\patri\AppData\Roaming\Python\Python314\site-packages\docker\api\client.py", line 223, in _retrieve_server_version
    return self.version(api_version=False)["ApiVersion"]
           ~~~~~~~~~~~~^^^^^^^^^^^^^^^^^^^
  File "C:\Users\patri\AppData\Roaming\Python\Python314\site-packages\docker\api\daemon.py", line 181, in version
    return self._result(self._get(url), json=True)
                        ~~~~~~~~~^^^^^
  File "C:\Users\patri\AppData\Roaming\Python\Python314\site-packages\docker\utils\decorators.py", line 44, in inner
    return f(self, *args, **kwargs)
  File "C:\Users\patri\AppData\Roaming\Python\Python314\site-packages\docker\api\client.py", line 246, in _get
    return self.get(url, **self._set_request_timeout(kwargs))
           ~~~~~~~~^^^^^^^^^^^^^^^^^^^^^^^^^^^^^^^^^^^^^^^^^^
  File "C:\Users\patri\AppData\Roaming\Python\Python314\site-packages\requests\sessions.py", line 602, in get
    return self.request("GET", url, **kwargs)
           ~~~~~~~~~~~~^^^^^^^^^^^^^^^^^^^^^^
  File "C:\Users\patri\AppData\Roaming\Python\Python314\site-packages\requests\sessions.py", line 589, in request
    resp = self.send(prep, **send_kwargs)
  File "C:\Users\patri\AppData\Roaming\Python\Python314\site-packages\requests\sessions.py", line 703, in send
    r = adapter.send(request, **kwargs)
  File "C:\Users\patri\AppData\Roaming\Python\Python314\site-packages\requests\adapters.py", line 486, in send
    resp = conn.urlopen(
        method=request.method,
    ...<9 lines>...
        chunked=chunked,
    )
  File "C:\Users\patri\AppData\Roaming\Python\Python314\site-packages\urllib3\connectionpool.py", line 787, in urlopen
    response = self._make_request(
        conn,
    ...<10 lines>...
        **response_kw,
    )
  File "C:\Users\patri\AppData\Roaming\Python\Python314\site-packages\urllib3\connectionpool.py", line 493, in _make_request
    conn.request(
    ~~~~~~~~~~~~^
        method,
        ^^^^^^^
    ...<6 lines>...
        enforce_content_length=enforce_content_length,
        ^^^^^^^^^^^^^^^^^^^^^^^^^^^^^^^^^^^^^^^^^^^^^^
    )
    ^
  File "C:\Users\patri\AppData\Roaming\Python\Python314\site-packages\urllib3\connection.py", line 494, in request
    self.endheaders()
    ~~~~~~~~~~~~~~~^^
  File "C:\Python314\Lib\http\client.py", line 1333, in endheaders
    self._send_output(message_body, encode_chunked=encode_chunked)
    ~~~~~~~~~~~~~~~~~^^^^^^^^^^^^^^^^^^^^^^^^^^^^^^^^^^^^^^^^^^^^^
  File "C:\Python314\Lib\http\client.py", line 1093, in _send_output
    self.send(msg)
    ~~~~~~~~~^^^^^
  File "C:\Python314\Lib\http\client.py", line 1037, in send
    self.connect()
    ~~~~~~~~~~~~^^
  File "C:\Users\patri\AppData\Roaming\Python\Python314\site-packages\docker\transport\npipeconn.py", line 25, in connect
    sock.connect(self.npipe_path)
    ~~~~~~~~~~~~^^^^^^^^^^^^^^^^^
  File "C:\Users\patri\AppData\Roaming\Python\Python314\site-packages\docker\transport\npipesocket.py", line 25, in wrapped
    return f(self, *args, **kwargs)
  File "C:\Users\patri\AppData\Roaming\Python\Python314\site-packages\docker\transport\npipesocket.py", line 76, in connect
    raise e
  File "C:\Users\patri\AppData\Roaming\Python\Python314\site-packages\docker\transport\npipesocket.py", line 54, in connect
    handle = win32file.CreateFile(
        address,
    ...<7 lines>...
        0
    )
pywintypes.error: (2, 'CreateFile', 'The system cannot find the file specified.')

The above exception was the direct cause of the following exception:

Traceback (most recent call last):
  File "d:\Projects\aegis-sentinel\src\healer.py", line 101, in __init__
    self._docker_client = docker.from_env()
                          ~~~~~~~~~~~~~~~^^
  File "C:\Users\patri\AppData\Roaming\Python\Python314\site-packages\docker\client.py", line 94, in from_env
    return cls(
        timeout=timeout,
    ...<3 lines>...
        **kwargs_from_env(**kwargs)
    )
  File "C:\Users\patri\AppData\Roaming\Python\Python314\site-packages\docker\client.py", line 45, in __init__
    self.api = APIClient(*args, **kwargs)
               ~~~~~~~~~^^^^^^^^^^^^^^^^^
  File "C:\Users\patri\AppData\Roaming\Python\Python314\site-packages\docker\api\client.py", line 207, in __init__
    self._version = self._retrieve_server_version()
                    ~~~~~~~~~~~~~~~~~~~~~~~~~~~~~^^
  File "C:\Users\patri\AppData\Roaming\Python\Python314\site-packages\docker\api\client.py", line 230, in _retrieve_server_version
    raise DockerException(
        f'Error while fetching server API version: {e}'
    ) from e
docker.errors.DockerException: Error while fetching server API version: (2, 'CreateFile', 'The system cannot find the file specified.')
2026-02-18 21:04:21,435 - healer - INFO - Cache recovery handler initialized
2026-02-18 21:04:21,435 - healer - INFO - Service recovery handler initialized
2026-02-18 21:04:21,435 - healer - INFO - Recovery engine initialized
2026-02-18 21:04:21,435 - main - INFO - Aegis Sentinel initialized
2026-02-18 21:04:21,435 - main - INFO - Starting Aegis Sentinel service
2026-02-18 21:04:21,435 - monitor - INFO - System monitoring started
2026-02-18 21:04:21,435 - main - INFO - Aegis Sentinel service started successfully
2026-02-18 21:04:21,435 - main - INFO - Aegis Sentinel is running. Press Ctrl+C to stop.
2026-02-18 21:04:22,449 - detector - WARNING - Insufficient data for training Isolation Forest model
2026-02-18 21:04:22,449 - detector - WARNING - Insufficient data for statistical analysis
2026-02-18 21:04:22,449 - detector - INFO - Anomaly detection completed
2026-02-18 21:04:33,463 - detector - WARNING - Insufficient data for training Isolation Forest model
2026-02-18 21:04:33,463 - detector - WARNING - Insufficient data for statistical analysis
2026-02-18 21:04:33,463 - detector - INFO - Anomaly detection completed
2026-02-18 21:04:44,489 - detector - WARNING - Insufficient data for training Isolation Forest model
2026-02-18 21:04:44,489 - detector - WARNING - Insufficient data for statistical analysis
2026-02-18 21:04:44,489 - detector - INFO - Anomaly detection completed
2026-02-18 21:04:55,523 - detector - WARNING - Insufficient data for training Isolation Forest model
2026-02-18 21:04:55,523 - detector - WARNING - Insufficient data for statistical analysis
2026-02-18 21:04:55,523 - detector - INFO - Anomaly detection completed
2026-02-18 21:09:05,552 - monitor - INFO - SystemMonitor initialized
2026-02-18 21:09:05,552 - detector - INFO - IsolationForestDetector initialized
2026-02-18 21:09:05,552 - detector - INFO - StatisticalDetector initialized
2026-02-18 21:09:05,552 - detector - INFO - AnomalyDetectorService initialized
2026-02-18 21:09:05,564 - healer - WARNING - Docker client initialization failed - entering monitor-only mode
Traceback (most recent call last):
  File "C:\Users\patri\AppData\Roaming\Python\Python314\site-packages\docker\api\client.py", line 223, in _retrieve_server_version
    return self.version(api_version=False)["ApiVersion"]
           ~~~~~~~~~~~~^^^^^^^^^^^^^^^^^^^
  File "C:\Users\patri\AppData\Roaming\Python\Python314\site-packages\docker\api\daemon.py", line 181, in version
    return self._result(self._get(url), json=True)
                        ~~~~~~~~~^^^^^
  File "C:\Users\patri\AppData\Roaming\Python\Python314\site-packages\docker\utils\decorators.py", line 44, in inner
    return f(self, *args, **kwargs)
  File "C:\Users\patri\AppData\Roaming\Python\Python314\site-packages\docker\api\client.py", line 246, in _get
    return self.get(url, **self._set_request_timeout(kwargs))
           ~~~~~~~~^^^^^^^^^^^^^^^^^^^^^^^^^^^^^^^^^^^^^^^^^^
  File "C:\Users\patri\AppData\Roaming\Python\Python314\site-packages\requests\sessions.py", line 602, in get
    return self.request("GET", url, **kwargs)
           ~~~~~~~~~~~~^^^^^^^^^^^^^^^^^^^^^^
  File "C:\Users\patri\AppData\Roaming\Python\Python314\site-packages\requests\sessions.py", line 589, in request
    resp = self.send(prep, **send_kwargs)
  File "C:\Users\patri\AppData\Roaming\Python\Python314\site-packages\requests\sessions.py", line 703, in send
    r = adapter.send(request, **kwargs)
  File "C:\Users\patri\AppData\Roaming\Python\Python314\site-packages\requests\adapters.py", line 486, in send
    resp = conn.urlopen(
        method=request.method,
    ...<9 lines>...
        chunked=chunked,
    )
  File "C:\Users\patri\AppData\Roaming\Python\Python314\site-packages\urllib3\connectionpool.py", line 787, in urlopen
    response = self._make_request(
        conn,
    ...<10 lines>...
        **response_kw,
    )
  File "C:\Users\patri\AppData\Roaming\Python\Python314\site-packages\urllib3\connectionpool.py", line 493, in _make_request
    conn.request(
    ~~~~~~~~~~~~^
        method,
        ^^^^^^^
    ...<6 lines>...
        enforce_content_length=enforce_content_length,
        ^^^^^^^^^^^^^^^^^^^^^^^^^^^^^^^^^^^^^^^^^^^^^^
    )
    ^
  File "C:\Users\patri\AppData\Roaming\Python\Python314\site-packages\urllib3\connection.py", line 494, in request
    self.endheaders()
    ~~~~~~~~~~~~~~~^^
  File "C:\Python314\Lib\http\client.py", line 1333, in endheaders
    self._send_output(message_body, encode_chunked=encode_chunked)
    ~~~~~~~~~~~~~~~~~^^^^^^^^^^^^^^^^^^^^^^^^^^^^^^^^^^^^^^^^^^^^^
  File "C:\Python314\Lib\http\client.py", line 1093, in _send_output
    self.send(msg)
    ~~~~~~~~~^^^^^
  File "C:\Python314\Lib\http\client.py", line 1037, in send
    self.connect()
    ~~~~~~~~~~~~^^
  File "C:\Users\patri\AppData\Roaming\Python\Python314\site-packages\docker\transport\npipeconn.py", line 25, in connect
    sock.connect(self.npipe_path)
    ~~~~~~~~~~~~^^^^^^^^^^^^^^^^^
  File "C:\Users\patri\AppData\Roaming\Python\Python314\site-packages\docker\transport\npipesocket.py", line 25, in wrapped
    return f(self, *args, **kwargs)
  File "C:\Users\patri\AppData\Roaming\Python\Python314\site-packages\docker\transport\npipesocket.py", line 76, in connect
    raise e
  File "C:\Users\patri\AppData\Roaming\Python\Python314\site-packages\docker\transport\npipesocket.py", line 54, in connect
    handle = win32file.CreateFile(
        address,
    ...<7 lines>...
        0
    )
pywintypes.error: (2, 'CreateFile', 'The system cannot find the file specified.')

The above exception was the direct cause of the following exception:

Traceback (most recent call last):
  File "d:\Projects\aegis-sentinel\src\healer.py", line 101, in __init__
    self._docker_client = docker.from_env()
                          ~~~~~~~~~~~~~~~^^
  File "C:\Users\patri\AppData\Roaming\Python\Python314\site-packages\docker\client.py", line 94, in from_env
    return cls(
        timeout=timeout,
    ...<3 lines>...
        **kwargs_from_env(**kwargs)
    )
  File "C:\Users\patri\AppData\Roaming\Python\Python314\site-packages\docker\client.py", line 45, in __init__
    self.api = APIClient(*args, **kwargs)
               ~~~~~~~~~^^^^^^^^^^^^^^^^^
  File "C:\Users\patri\AppData\Roaming\Python\Python314\site-packages\docker\api\client.py", line 207, in __init__
    self._version = self._retrieve_server_version()
                    ~~~~~~~~~~~~~~~~~~~~~~~~~~~~~^^
  File "C:\Users\patri\AppData\Roaming\Python\Python314\site-packages\docker\api\client.py", line 230, in _retrieve_server_version
    raise DockerException(
        f'Error while fetching server API version: {e}'
    ) from e
docker.errors.DockerException: Error while fetching server API version: (2, 'CreateFile', 'The system cannot find the file specified.')
2026-02-18 21:09:05,803 - healer - INFO - Cache recovery handler initialized
2026-02-18 21:09:05,804 - healer - INFO - Service recovery handler initialized
2026-02-18 21:09:05,804 - healer - INFO - Recovery engine initialized
2026-02-18 21:09:05,804 - main - INFO - Aegis Sentinel initialized
2026-02-18 21:09:05,804 - main - INFO - Starting Aegis Sentinel service
2026-02-18 21:09:05,804 - monitor - INFO - System monitoring started
2026-02-18 21:09:05,804 - main - INFO - Aegis Sentinel service started successfully
2026-02-18 21:09:05,804 - main - INFO - Aegis Sentinel is running. Press Ctrl+C to stop.
2026-02-18 21:09:06,820 - detector - WARNING - Insufficient data for training Isolation Forest model
2026-02-18 21:09:06,820 - detector - WARNING - Insufficient data for statistical analysis
2026-02-18 21:09:06,820 - detector - INFO - Anomaly detection completed
2026-02-18 21:09:17,834 - detector - WARNING - Insufficient data for training Isolation Forest model
2026-02-18 21:09:17,834 - detector - WARNING - Insufficient data for statistical analysis
2026-02-18 21:09:17,834 - detector - INFO - Anomaly detection completed
2026-02-18 21:09:28,848 - detector - WARNING - Insufficient data for training Isolation Forest model
2026-02-18 21:09:28,848 - detector - WARNING - Insufficient data for statistical analysis
2026-02-18 21:09:28,848 - detector - INFO - Anomaly detection completed
2026-02-18 21:09:39,896 - detector - WARNING - Insufficient data for training Isolation Forest model
2026-02-18 21:09:39,896 - detector - WARNING - Insufficient data for statistical analysis
2026-02-18 21:09:39,896 - detector - INFO - Anomaly detection completed
2026-02-18 21:09:50,919 - monitor - INFO - Internal health check
2026-02-18 21:09:50,919 - detector - WARNING - Insufficient data for training Isolation Forest model
2026-02-18 21:09:50,919 - detector - WARNING - Insufficient data for statistical analysis
2026-02-18 21:09:50,919 - detector - INFO - Anomaly detection completed
2026-02-18 21:10:01,930 - detector - WARNING - Insufficient data for training Isolation Forest model
2026-02-18 21:10:01,930 - detector - WARNING - Insufficient data for statistical analysis
2026-02-18 21:10:01,930 - detector - INFO - Anomaly detection completed
2026-02-18 21:10:12,942 - detector - WARNING - Insufficient data for training Isolation Forest model
2026-02-18 21:10:12,942 - detector - WARNING - Insufficient data for statistical analysis
2026-02-18 21:10:12,942 - detector - INFO - Anomaly detection completed
2026-02-18 21:10:23,969 - detector - WARNING - Insufficient data for training Isolation Forest model
2026-02-18 21:10:23,969 - detector - WARNING - Insufficient data for statistical analysis
2026-02-18 21:10:23,969 - detector - INFO - Anomaly detection completed
2026-02-18 21:10:34,988 - detector - WARNING - Insufficient data for training Isolation Forest model
2026-02-18 21:10:34,988 - detector - WARNING - Insufficient data for statistical analysis
2026-02-18 21:10:34,988 - detector - INFO - Anomaly detection completed
2026-02-18 21:10:46,005 - monitor - INFO - Internal health check
2026-02-18 21:10:46,005 - detector - WARNING - Insufficient data for training Isolation Forest model
2026-02-18 21:10:46,005 - detector - WARNING - Insufficient data for statistical analysis
2026-02-18 21:10:46,005 - detector - INFO - Anomaly detection completed
2026-02-18 21:10:57,021 - detector - WARNING - Insufficient data for training Isolation Forest model
2026-02-18 21:10:57,021 - detector - WARNING - Insufficient data for statistical analysis
2026-02-18 21:10:57,022 - detector - INFO - Anomaly detection completed
2026-02-18 21:11:08,034 - detector - WARNING - Insufficient data for training Isolation Forest model
2026-02-18 21:11:08,034 - detector - WARNING - Insufficient data for statistical analysis
2026-02-18 21:11:08,034 - detector - INFO - Anomaly detection completed
2026-02-18 21:11:19,057 - detector - WARNING - Insufficient data for training Isolation Forest model
2026-02-18 21:11:19,057 - detector - WARNING - Insufficient data for statistical analysis
2026-02-18 21:11:19,057 - detector - INFO - Anomaly detection completed
2026-02-18 21:11:30,068 - detector - WARNING - Insufficient data for training Isolation Forest model
2026-02-18 21:11:30,068 - detector - WARNING - Insufficient data for statistical analysis
2026-02-18 21:11:30,068 - detector - INFO - Anomaly detection completed
2026-02-18 21:11:41,081 - monitor - INFO - Internal health check
2026-02-18 21:11:41,081 - detector - WARNING - Insufficient data for training Isolation Forest model
2026-02-18 21:11:41,082 - detector - WARNING - Insufficient data for statistical analysis
2026-02-18 21:11:41,082 - detector - INFO - Anomaly detection completed
2026-02-18 21:11:52,096 - detector - WARNING - Insufficient data for training Isolation Forest model
2026-02-18 21:11:52,096 - detector - WARNING - Insufficient data for statistical analysis
2026-02-18 21:11:52,096 - detector - INFO - Anomaly detection completed
2026-02-18 21:12:03,130 - detector - WARNING - Insufficient data for training Isolation Forest model
2026-02-18 21:12:03,130 - detector - WARNING - Insufficient data for statistical analysis
2026-02-18 21:12:03,131 - detector - INFO - Anomaly detection completed
2026-02-18 21:12:14,143 - detector - WARNING - Insufficient data for training Isolation Forest model
2026-02-18 21:12:14,143 - detector - WARNING - Insufficient data for statistical analysis
2026-02-18 21:12:14,143 - detector - INFO - Anomaly detection completed
2026-02-18 21:12:25,170 - detector - WARNING - Insufficient data for training Isolation Forest model
2026-02-18 21:12:25,170 - detector - WARNING - Insufficient data for statistical analysis
2026-02-18 21:12:25,171 - detector - INFO - Anomaly detection completed
2026-02-18 21:12:36,195 - monitor - INFO - Internal health check
2026-02-18 21:12:36,195 - detector - WARNING - Insufficient data for training Isolation Forest model
2026-02-18 21:12:36,195 - detector - WARNING - Insufficient data for statistical analysis
2026-02-18 21:12:36,195 - detector - INFO - Anomaly detection completed
2026-02-18 21:12:47,225 - detector - WARNING - Insufficient data for training Isolation Forest model
2026-02-18 21:12:47,225 - detector - WARNING - Insufficient data for statistical analysis
2026-02-18 21:12:47,225 - detector - INFO - Anomaly detection completed
2026-02-18 21:12:58,252 - detector - WARNING - Insufficient data for training Isolation Forest model
2026-02-18 21:12:58,252 - detector - WARNING - Insufficient data for statistical analysis
2026-02-18 21:12:58,252 - detector - INFO - Anomaly detection completed
2026-02-18 21:13:09,271 - detector - WARNING - Insufficient data for training Isolation Forest model
2026-02-18 21:13:09,271 - detector - WARNING - Insufficient data for statistical analysis
2026-02-18 21:13:09,271 - detector - INFO - Anomaly detection completed
2026-02-18 21:13:20,292 - detector - WARNING - Insufficient data for training Isolation Forest model
2026-02-18 21:13:20,293 - detector - WARNING - Insufficient data for statistical analysis
2026-02-18 21:13:20,293 - detector - INFO - Anomaly detection completed
2026-02-18 21:13:31,302 - monitor - INFO - Internal health check
2026-02-18 21:13:31,302 - detector - WARNING - Insufficient data for training Isolation Forest model
2026-02-18 21:13:31,303 - detector - WARNING - Insufficient data for statistical analysis
2026-02-18 21:13:31,303 - detector - INFO - Anomaly detection completed
2026-02-18 21:13:42,315 - detector - WARNING - Insufficient data for training Isolation Forest model
2026-02-18 21:13:42,315 - detector - WARNING - Insufficient data for statistical analysis
2026-02-18 21:13:42,315 - detector - INFO - Anomaly detection completed
2026-02-18 21:13:53,336 - detector - WARNING - Insufficient data for training Isolation Forest model
2026-02-18 21:13:53,336 - detector - WARNING - Insufficient data for statistical analysis
2026-02-18 21:13:53,336 - detector - INFO - Anomaly detection completed
2026-02-18 21:14:04,348 - detector - WARNING - Insufficient data for training Isolation Forest model
2026-02-18 21:14:04,348 - detector - WARNING - Insufficient data for statistical analysis
2026-02-18 21:14:04,348 - detector - INFO - Anomaly detection completed
2026-02-18 21:14:15,382 - detector - WARNING - Insufficient data for training Isolation Forest model
2026-02-18 21:14:15,382 - detector - WARNING - Insufficient data for statistical analysis
2026-02-18 21:14:15,382 - detector - INFO - Anomaly detection completed
2026-02-18 21:14:26,397 - monitor - INFO - Internal health check
2026-02-18 21:14:26,397 - detector - WARNING - Insufficient data for training Isolation Forest model
2026-02-18 21:14:26,397 - detector - WARNING - Insufficient data for statistical analysis
2026-02-18 21:14:26,397 - detector - INFO - Anomaly detection completed
2026-02-18 21:14:37,408 - detector - WARNING - Insufficient data for training Isolation Forest model
2026-02-18 21:14:37,408 - detector - WARNING - Insufficient data for statistical analysis
2026-02-18 21:14:37,408 - detector - INFO - Anomaly detection completed
2026-02-18 21:14:48,429 - detector - WARNING - Insufficient data for training Isolation Forest model
2026-02-18 21:14:48,429 - detector - WARNING - Insufficient data for statistical analysis
2026-02-18 21:14:48,429 - detector - INFO - Anomaly detection completed
2026-02-18 21:14:59,447 - detector - WARNING - Insufficient data for training Isolation Forest model
2026-02-18 21:14:59,447 - detector - WARNING - Insufficient data for statistical analysis
2026-02-18 21:14:59,447 - detector - INFO - Anomaly detection completed
2026-02-18 21:15:10,456 - detector - WARNING - Insufficient data for training Isolation Forest model
2026-02-18 21:15:10,457 - detector - WARNING - Insufficient data for statistical analysis
2026-02-18 21:15:10,457 - detector - INFO - Anomaly detection completed
2026-02-18 21:16:13,811 - monitor - INFO - SystemMonitor initialized
2026-02-18 21:16:13,811 - detector - INFO - IsolationForestDetector initialized
2026-02-18 21:16:13,811 - detector - INFO - StatisticalDetector initialized
2026-02-18 21:16:13,811 - detector - INFO - AnomalyDetectorService initialized
2026-02-18 21:16:13,813 - healer - WARNING - Docker client initialization failed - entering monitor-only mode
Traceback (most recent call last):
  File "C:\Users\patri\AppData\Roaming\Python\Python314\site-packages\docker\api\client.py", line 223, in _retrieve_server_version
    return self.version(api_version=False)["ApiVersion"]
           ~~~~~~~~~~~~^^^^^^^^^^^^^^^^^^^
  File "C:\Users\patri\AppData\Roaming\Python\Python314\site-packages\docker\api\daemon.py", line 181, in version
    return self._result(self._get(url), json=True)
                        ~~~~~~~~~^^^^^
  File "C:\Users\patri\AppData\Roaming\Python\Python314\site-packages\docker\utils\decorators.py", line 44, in inner
    return f(self, *args, **kwargs)
  File "C:\Users\patri\AppData\Roaming\Python\Python314\site-packages\docker\api\client.py", line 246, in _get
    return self.get(url, **self._set_request_timeout(kwargs))
           ~~~~~~~~^^^^^^^^^^^^^^^^^^^^^^^^^^^^^^^^^^^^^^^^^^
  File "C:\Users\patri\AppData\Roaming\Python\Python314\site-packages\requests\sessions.py", line 602, in get
    return self.request("GET", url, **kwargs)
           ~~~~~~~~~~~~^^^^^^^^^^^^^^^^^^^^^^
  File "C:\Users\patri\AppData\Roaming\Python\Python314\site-packages\requests\sessions.py", line 589, in request
    resp = self.send(prep, **send_kwargs)
  File "C:\Users\patri\AppData\Roaming\Python\Python314\site-packages\requests\sessions.py", line 703, in send
    r = adapter.send(request, **kwargs)
  File "C:\Users\patri\AppData\Roaming\Python\Python314\site-packages\requests\adapters.py", line 486, in send
    resp = conn.urlopen(
        method=request.method,
    ...<9 lines>...
        chunked=chunked,
    )
  File "C:\Users\patri\AppData\Roaming\Python\Python314\site-packages\urllib3\connectionpool.py", line 787, in urlopen
    response = self._make_request(
        conn,
    ...<10 lines>...
        **response_kw,
    )
  File "C:\Users\patri\AppData\Roaming\Python\Python314\site-packages\urllib3\connectionpool.py", line 493, in _make_request
    conn.request(
    ~~~~~~~~~~~~^
        method,
        ^^^^^^^
    ...<6 lines>...
        enforce_content_length=enforce_content_length,
        ^^^^^^^^^^^^^^^^^^^^^^^^^^^^^^^^^^^^^^^^^^^^^^
    )
    ^
  File "C:\Users\patri\AppData\Roaming\Python\Python314\site-packages\urllib3\connection.py", line 494, in request
    self.endheaders()
    ~~~~~~~~~~~~~~~^^
  File "C:\Python314\Lib\http\client.py", line 1333, in endheaders
    self._send_output(message_body, encode_chunked=encode_chunked)
    ~~~~~~~~~~~~~~~~~^^^^^^^^^^^^^^^^^^^^^^^^^^^^^^^^^^^^^^^^^^^^^
  File "C:\Python314\Lib\http\client.py", line 1093, in _send_output
    self.send(msg)
    ~~~~~~~~~^^^^^
  File "C:\Python314\Lib\http\client.py", line 1037, in send
    self.connect()
    ~~~~~~~~~~~~^^
  File "C:\Users\patri\AppData\Roaming\Python\Python314\site-packages\docker\transport\npipeconn.py", line 25, in connect
    sock.connect(self.npipe_path)
    ~~~~~~~~~~~~^^^^^^^^^^^^^^^^^
  File "C:\Users\patri\AppData\Roaming\Python\Python314\site-packages\docker\transport\npipesocket.py", line 25, in wrapped
    return f(self, *args, **kwargs)
  File "C:\Users\patri\AppData\Roaming\Python\Python314\site-packages\docker\transport\npipesocket.py", line 76, in connect
    raise e
  File "C:\Users\patri\AppData\Roaming\Python\Python314\site-packages\docker\transport\npipesocket.py", line 54, in connect
    handle = win32file.CreateFile(
        address,
    ...<7 lines>...
        0
    )
pywintypes.error: (2, 'CreateFile', 'The system cannot find the file specified.')

The above exception was the direct cause of the following exception:

Traceback (most recent call last):
  File "d:\Projects\aegis-sentinel\src\healer.py", line 101, in __init__
    self._docker_client = docker.from_env()
                          ~~~~~~~~~~~~~~~^^
  File "C:\Users\patri\AppData\Roaming\Python\Python314\site-packages\docker\client.py", line 94, in from_env
    return cls(
        timeout=timeout,
    ...<3 lines>...
        **kwargs_from_env(**kwargs)
    )
  File "C:\Users\patri\AppData\Roaming\Python\Python314\site-packages\docker\client.py", line 45, in __init__
    self.api = APIClient(*args, **kwargs)
               ~~~~~~~~~^^^^^^^^^^^^^^^^^
  File "C:\Users\patri\AppData\Roaming\Python\Python314\site-packages\docker\api\client.py", line 207, in __init__
    self._version = self._retrieve_server_version()
                    ~~~~~~~~~~~~~~~~~~~~~~~~~~~~~^^
  File "C:\Users\patri\AppData\Roaming\Python\Python314\site-packages\docker\api\client.py", line 230, in _retrieve_server_version
    raise DockerException(
        f'Error while fetching server API version: {e}'
    ) from e
docker.errors.DockerException: Error while fetching server API version: (2, 'CreateFile', 'The system cannot find the file specified.')
2026-02-18 21:16:13,818 - healer - INFO - Cache recovery handler initialized
2026-02-18 21:16:13,818 - healer - INFO - Service recovery handler initialized
2026-02-18 21:16:13,818 - healer - INFO - Recovery engine initialized
2026-02-18 21:16:13,818 - __main__ - INFO - Aegis Sentinel initialized
2026-02-18 21:16:13,818 - __main__ - INFO - Starting Aegis Sentinel service
2026-02-18 21:16:13,818 - monitor - INFO - System monitoring started
2026-02-18 21:16:13,818 - __main__ - INFO - Aegis Sentinel service started successfully
2026-02-18 21:16:13,818 - __main__ - INFO - Aegis Sentinel is running. Press Ctrl+C to stop.
2026-02-18 21:16:14,830 - detector - WARNING - Insufficient data for training Isolation Forest model
2026-02-18 21:16:14,830 - detector - WARNING - Insufficient data for statistical analysis
2026-02-18 21:16:14,830 - detector - INFO - Anomaly detection completed
2026-02-18 21:16:25,846 - detector - WARNING - Insufficient data for training Isolation Forest model
2026-02-18 21:16:25,846 - detector - WARNING - Insufficient data for statistical analysis
2026-02-18 21:16:25,846 - detector - INFO - Anomaly detection completed
2026-02-18 21:16:36,862 - detector - WARNING - Insufficient data for training Isolation Forest model
2026-02-18 21:16:36,862 - detector - WARNING - Insufficient data for statistical analysis
2026-02-18 21:16:36,862 - detector - INFO - Anomaly detection completed
2026-02-18 21:16:47,870 - detector - WARNING - Insufficient data for training Isolation Forest model
2026-02-18 21:16:47,871 - detector - WARNING - Insufficient data for statistical analysis
2026-02-18 21:16:47,871 - detector - INFO - Anomaly detection completed
2026-02-18 21:16:58,886 - monitor - INFO - Internal health check
2026-02-18 21:16:58,886 - detector - WARNING - Insufficient data for training Isolation Forest model
2026-02-18 21:16:58,886 - detector - WARNING - Insufficient data for statistical analysis
2026-02-18 21:16:58,886 - detector - INFO - Anomaly detection completed
2026-02-18 21:17:09,905 - detector - WARNING - Insufficient data for training Isolation Forest model
2026-02-18 21:17:09,905 - detector - WARNING - Insufficient data for statistical analysis
2026-02-18 21:17:09,905 - detector - INFO - Anomaly detection completed
2026-02-18 21:17:20,924 - detector - WARNING - Insufficient data for training Isolation Forest model
2026-02-18 21:17:20,924 - detector - WARNING - Insufficient data for statistical analysis
2026-02-18 21:17:20,924 - detector - INFO - Anomaly detection completed
2026-02-18 21:17:31,939 - detector - WARNING - Insufficient data for training Isolation Forest model
2026-02-18 21:17:31,939 - detector - WARNING - Insufficient data for statistical analysis
2026-02-18 21:17:31,939 - detector - INFO - Anomaly detection completed
2026-02-18 21:23:18,494 - src.monitor - INFO - SystemMonitor initialized
2026-02-18 21:23:18,494 - src.detector - INFO - IsolationForestDetector initialized
2026-02-18 21:23:18,494 - src.detector - INFO - StatisticalDetector initialized
2026-02-18 21:23:18,494 - src.detector - INFO - AnomalyDetectorService initialized
2026-02-18 21:23:18,495 - src.healer - WARNING - Docker client initialization failed - entering monitor-only mode
Traceback (most recent call last):
  File "C:\Users\patri\AppData\Roaming\Python\Python314\site-packages\docker\api\client.py", line 223, in _retrieve_server_version
    return self.version(api_version=False)["ApiVersion"]
           ~~~~~~~~~~~~^^^^^^^^^^^^^^^^^^^
  File "C:\Users\patri\AppData\Roaming\Python\Python314\site-packages\docker\api\daemon.py", line 181, in version
    return self._result(self._get(url), json=True)
                        ~~~~~~~~~^^^^^
  File "C:\Users\patri\AppData\Roaming\Python\Python314\site-packages\docker\utils\decorators.py", line 44, in inner
    return f(self, *args, **kwargs)
  File "C:\Users\patri\AppData\Roaming\Python\Python314\site-packages\docker\api\client.py", line 246, in _get
    return self.get(url, **self._set_request_timeout(kwargs))
           ~~~~~~~~^^^^^^^^^^^^^^^^^^^^^^^^^^^^^^^^^^^^^^^^^^
  File "C:\Users\patri\AppData\Roaming\Python\Python314\site-packages\requests\sessions.py", line 602, in get
    return self.request("GET", url, **kwargs)
           ~~~~~~~~~~~~^^^^^^^^^^^^^^^^^^^^^^
  File "C:\Users\patri\AppData\Roaming\Python\Python314\site-packages\requests\sessions.py", line 589, in request
    resp = self.send(prep, **send_kwargs)
  File "C:\Users\patri\AppData\Roaming\Python\Python314\site-packages\requests\sessions.py", line 703, in send
    r = adapter.send(request, **kwargs)
  File "C:\Users\patri\AppData\Roaming\Python\Python314\site-packages\requests\adapters.py", line 486, in send
    resp = conn.urlopen(
        method=request.method,
    ...<9 lines>...
        chunked=chunked,
    )
  File "C:\Users\patri\AppData\Roaming\Python\Python314\site-packages\urllib3\connectionpool.py", line 787, in urlopen
    response = self._make_request(
        conn,
    ...<10 lines>...
        **response_kw,
    )
  File "C:\Users\patri\AppData\Roaming\Python\Python314\site-packages\urllib3\connectionpool.py", line 493, in _make_request
    conn.request(
    ~~~~~~~~~~~~^
        method,
        ^^^^^^^
    ...<6 lines>...
        enforce_content_length=enforce_content_length,
        ^^^^^^^^^^^^^^^^^^^^^^^^^^^^^^^^^^^^^^^^^^^^^^
    )
    ^
  File "C:\Users\patri\AppData\Roaming\Python\Python314\site-packages\urllib3\connection.py", line 494, in request
    self.endheaders()
    ~~~~~~~~~~~~~~~^^
  File "C:\Python314\Lib\http\client.py", line 1333, in endheaders
    self._send_output(message_body, encode_chunked=encode_chunked)
    ~~~~~~~~~~~~~~~~~^^^^^^^^^^^^^^^^^^^^^^^^^^^^^^^^^^^^^^^^^^^^^
  File "C:\Python314\Lib\http\client.py", line 1093, in _send_output
    self.send(msg)
    ~~~~~~~~~^^^^^
  File "C:\Python314\Lib\http\client.py", line 1037, in send
    self.connect()
    ~~~~~~~~~~~~^^
  File "C:\Users\patri\AppData\Roaming\Python\Python314\site-packages\docker\transport\npipeconn.py", line 25, in connect
    sock.connect(self.npipe_path)
    ~~~~~~~~~~~~^^^^^^^^^^^^^^^^^
  File "C:\Users\patri\AppData\Roaming\Python\Python314\site-packages\docker\transport\npipesocket.py", line 25, in wrapped
    return f(self, *args, **kwargs)
  File "C:\Users\patri\AppData\Roaming\Python\Python314\site-packages\docker\transport\npipesocket.py", line 76, in connect
    raise e
  File "C:\Users\patri\AppData\Roaming\Python\Python314\site-packages\docker\transport\npipesocket.py", line 54, in connect
    handle = win32file.CreateFile(
        address,
    ...<7 lines>...
        0
    )
pywintypes.error: (2, 'CreateFile', 'The system cannot find the file specified.')

The above exception was the direct cause of the following exception:

Traceback (most recent call last):
  File "d:\Projects\aegis-sentinel\src\healer.py", line 101, in __init__
    self._docker_client = docker.from_env()
                          ~~~~~~~~~~~~~~~^^
  File "C:\Users\patri\AppData\Roaming\Python\Python314\site-packages\docker\client.py", line 94, in from_env
    return cls(
        timeout=timeout,
    ...<3 lines>...
        **kwargs_from_env(**kwargs)
    )
  File "C:\Users\patri\AppData\Roaming\Python\Python314\site-packages\docker\client.py", line 45, in __init__
    self.api = APIClient(*args, **kwargs)
               ~~~~~~~~~^^^^^^^^^^^^^^^^^
  File "C:\Users\patri\AppData\Roaming\Python\Python314\site-packages\docker\api\client.py", line 207, in __init__
    self._version = self._retrieve_server_version()
                    ~~~~~~~~~~~~~~~~~~~~~~~~~~~~~^^
  File "C:\Users\patri\AppData\Roaming\Python\Python314\site-packages\docker\api\client.py", line 230, in _retrieve_server_version
    raise DockerException(
        f'Error while fetching server API version: {e}'
    ) from e
docker.errors.DockerException: Error while fetching server API version: (2, 'CreateFile', 'The system cannot find the file specified.')
2026-02-18 21:23:18,501 - src.healer - INFO - Cache recovery handler initialized
2026-02-18 21:23:18,501 - src.healer - INFO - Service recovery handler initialized
2026-02-18 21:23:18,501 - src.healer - INFO - Recovery engine initialized
2026-02-18 21:23:18,501 - main - INFO - Aegis Sentinel initialized
2026-02-18 21:23:18,502 - main - INFO - Starting Aegis Sentinel service
2026-02-18 21:23:18,502 - src.monitor - INFO - System monitoring started
2026-02-18 21:23:18,502 - main - INFO - Aegis Sentinel service started successfully
2026-02-18 21:23:18,502 - main - INFO - Aegis Sentinel is running. Press Ctrl+C to stop.
2026-02-18 21:23:19,514 - src.detector - WARNING - Insufficient data for training Isolation Forest model
2026-02-18 21:23:19,514 - src.detector - WARNING - Insufficient data for statistical analysis
2026-02-18 21:23:19,514 - src.detector - INFO - Anomaly detection completed
2026-02-18 21:23:30,531 - src.detector - WARNING - Insufficient data for training Isolation Forest model
2026-02-18 21:23:30,531 - src.detector - WARNING - Insufficient data for statistical analysis
2026-02-18 21:23:30,531 - src.detector - INFO - Anomaly detection completed
2026-02-18 21:23:41,544 - src.detector - WARNING - Insufficient data for training Isolation Forest model
2026-02-18 21:23:41,544 - src.detector - WARNING - Insufficient data for statistical analysis
2026-02-18 21:23:41,544 - src.detector - INFO - Anomaly detection completed
2026-02-18 21:23:52,562 - src.detector - WARNING - Insufficient data for training Isolation Forest model
2026-02-18 21:23:52,562 - src.detector - WARNING - Insufficient data for statistical analysis
2026-02-18 21:23:52,562 - src.detector - INFO - Anomaly detection completed
2026-02-18 21:24:03,578 - src.monitor - INFO - Internal health check
2026-02-18 21:24:03,578 - src.detector - WARNING - Insufficient data for training Isolation Forest model
2026-02-18 21:24:03,579 - src.detector - WARNING - Insufficient data for statistical analysis
2026-02-18 21:24:03,579 - src.detector - INFO - Anomaly detection completed
2026-02-18 21:24:14,599 - src.detector - WARNING - Insufficient data for training Isolation Forest model
2026-02-18 21:24:14,600 - src.detector - WARNING - Insufficient data for statistical analysis
2026-02-18 21:24:14,600 - src.detector - INFO - Anomaly detection completed
2026-02-18 21:24:25,620 - src.detector - WARNING - Insufficient data for training Isolation Forest model
2026-02-18 21:24:25,620 - src.detector - WARNING - Insufficient data for statistical analysis
2026-02-18 21:24:25,620 - src.detector - INFO - Anomaly detection completed
2026-02-18 21:25:13,435 - src.monitor - INFO - SystemMonitor initialized
2026-02-18 21:25:13,435 - src.detector - INFO - IsolationForestDetector initialized
2026-02-18 21:25:13,435 - src.detector - INFO - StatisticalDetector initialized
2026-02-18 21:25:13,435 - src.detector - INFO - AnomalyDetectorService initialized
2026-02-18 21:25:13,437 - src.healer - WARNING - Docker client initialization failed - entering monitor-only mode
Traceback (most recent call last):
  File "C:\Users\patri\AppData\Roaming\Python\Python314\site-packages\docker\api\client.py", line 223, in _retrieve_server_version
    return self.version(api_version=False)["ApiVersion"]
           ~~~~~~~~~~~~^^^^^^^^^^^^^^^^^^^
  File "C:\Users\patri\AppData\Roaming\Python\Python314\site-packages\docker\api\daemon.py", line 181, in version
    return self._result(self._get(url), json=True)
                        ~~~~~~~~~^^^^^
  File "C:\Users\patri\AppData\Roaming\Python\Python314\site-packages\docker\utils\decorators.py", line 44, in inner
    return f(self, *args, **kwargs)
  File "C:\Users\patri\AppData\Roaming\Python\Python314\site-packages\docker\api\client.py", line 246, in _get
    return self.get(url, **self._set_request_timeout(kwargs))
           ~~~~~~~~^^^^^^^^^^^^^^^^^^^^^^^^^^^^^^^^^^^^^^^^^^
  File "C:\Users\patri\AppData\Roaming\Python\Python314\site-packages\requests\sessions.py", line 602, in get
    return self.request("GET", url, **kwargs)
           ~~~~~~~~~~~~^^^^^^^^^^^^^^^^^^^^^^
  File "C:\Users\patri\AppData\Roaming\Python\Python314\site-packages\requests\sessions.py", line 589, in request
    resp = self.send(prep, **send_kwargs)
  File "C:\Users\patri\AppData\Roaming\Python\Python314\site-packages\requests\sessions.py", line 703, in send
    r = adapter.send(request, **kwargs)
  File "C:\Users\patri\AppData\Roaming\Python\Python314\site-packages\requests\adapters.py", line 486, in send
    resp = conn.urlopen(
        method=request.method,
    ...<9 lines>...
        chunked=chunked,
    )
  File "C:\Users\patri\AppData\Roaming\Python\Python314\site-packages\urllib3\connectionpool.py", line 787, in urlopen
    response = self._make_request(
        conn,
    ...<10 lines>...
        **response_kw,
    )
  File "C:\Users\patri\AppData\Roaming\Python\Python314\site-packages\urllib3\connectionpool.py", line 493, in _make_request
    conn.request(
    ~~~~~~~~~~~~^
        method,
        ^^^^^^^
    ...<6 lines>...
        enforce_content_length=enforce_content_length,
        ^^^^^^^^^^^^^^^^^^^^^^^^^^^^^^^^^^^^^^^^^^^^^^
    )
    ^
  File "C:\Users\patri\AppData\Roaming\Python\Python314\site-packages\urllib3\connection.py", line 494, in request
    self.endheaders()
    ~~~~~~~~~~~~~~~^^
  File "C:\Python314\Lib\http\client.py", line 1333, in endheaders
    self._send_output(message_body, encode_chunked=encode_chunked)
    ~~~~~~~~~~~~~~~~~^^^^^^^^^^^^^^^^^^^^^^^^^^^^^^^^^^^^^^^^^^^^^
  File "C:\Python314\Lib\http\client.py", line 1093, in _send_output
    self.send(msg)
    ~~~~~~~~~^^^^^
  File "C:\Python314\Lib\http\client.py", line 1037, in send
    self.connect()
    ~~~~~~~~~~~~^^
  File "C:\Users\patri\AppData\Roaming\Python\Python314\site-packages\docker\transport\npipeconn.py", line 25, in connect
    sock.connect(self.npipe_path)
    ~~~~~~~~~~~~^^^^^^^^^^^^^^^^^
  File "C:\Users\patri\AppData\Roaming\Python\Python314\site-packages\docker\transport\npipesocket.py", line 25, in wrapped
    return f(self, *args, **kwargs)
  File "C:\Users\patri\AppData\Roaming\Python\Python314\site-packages\docker\transport\npipesocket.py", line 76, in connect
    raise e
  File "C:\Users\patri\AppData\Roaming\Python\Python314\site-packages\docker\transport\npipesocket.py", line 54, in connect
    handle = win32file.CreateFile(
        address,
    ...<7 lines>...
        0
    )
pywintypes.error: (2, 'CreateFile', 'The system cannot find the file specified.')

The above exception was the direct cause of the following exception:

Traceback (most recent call last):
  File "d:\Projects\aegis-sentinel\src\healer.py", line 101, in __init__
    self._docker_client = docker.from_env()
                          ~~~~~~~~~~~~~~~^^
  File "C:\Users\patri\AppData\Roaming\Python\Python314\site-packages\docker\client.py", line 94, in from_env
    return cls(
        timeout=timeout,
    ...<3 lines>...
        **kwargs_from_env(**kwargs)
    )
  File "C:\Users\patri\AppData\Roaming\Python\Python314\site-packages\docker\client.py", line 45, in __init__
    self.api = APIClient(*args, **kwargs)
               ~~~~~~~~~^^^^^^^^^^^^^^^^^
  File "C:\Users\patri\AppData\Roaming\Python\Python314\site-packages\docker\api\client.py", line 207, in __init__
    self._version = self._retrieve_server_version()
                    ~~~~~~~~~~~~~~~~~~~~~~~~~~~~~^^
  File "C:\Users\patri\AppData\Roaming\Python\Python314\site-packages\docker\api\client.py", line 230, in _retrieve_server_version
    raise DockerException(
        f'Error while fetching server API version: {e}'
    ) from e
docker.errors.DockerException: Error while fetching server API version: (2, 'CreateFile', 'The system cannot find the file specified.')
2026-02-18 21:25:13,444 - src.healer - INFO - Cache recovery handler initialized
2026-02-18 21:25:13,444 - src.healer - INFO - Service recovery handler initialized
2026-02-18 21:25:13,444 - src.healer - INFO - Recovery engine initialized
2026-02-18 21:25:13,444 - main - INFO - Aegis Sentinel initialized
2026-02-18 21:25:13,444 - main - INFO - Starting Aegis Sentinel service
2026-02-18 21:25:13,444 - src.monitor - INFO - System monitoring started
2026-02-18 21:25:13,444 - main - INFO - Aegis Sentinel service started successfully
2026-02-18 21:25:13,444 - main - INFO - Aegis Sentinel is running. Press Ctrl+C to stop.
2026-02-18 21:25:14,456 - src.detector - WARNING - Insufficient data for training Isolation Forest model
2026-02-18 21:25:14,456 - src.detector - WARNING - Insufficient data for statistical analysis
2026-02-18 21:25:14,456 - src.detector - INFO - Anomaly detection completed
2026-02-18 21:25:25,478 - src.detector - WARNING - Insufficient data for training Isolation Forest model
2026-02-18 21:25:25,478 - src.detector - WARNING - Insufficient data for statistical analysis
2026-02-18 21:25:25,479 - src.detector - INFO - Anomaly detection completed
2026-02-18 21:25:36,495 - src.detector - WARNING - Insufficient data for training Isolation Forest model
2026-02-18 21:25:36,495 - src.detector - WARNING - Insufficient data for statistical analysis
2026-02-18 21:25:36,495 - src.detector - INFO - Anomaly detection completed
2026-02-18 21:25:47,549 - src.detector - WARNING - Insufficient data for training Isolation Forest model
2026-02-18 21:25:47,549 - src.detector - WARNING - Insufficient data for statistical analysis
2026-02-18 21:25:47,549 - src.detector - INFO - Anomaly detection completed
2026-02-18 21:25:58,562 - src.monitor - INFO - Internal health check
2026-02-18 21:25:58,562 - src.detector - WARNING - Insufficient data for training Isolation Forest model
2026-02-18 21:25:58,562 - src.detector - WARNING - Insufficient data for statistical analysis
2026-02-18 21:25:58,562 - src.detector - INFO - Anomaly detection completed
2026-02-18 21:26:09,578 - src.detector - WARNING - Insufficient data for training Isolation Forest model
2026-02-18 21:26:09,579 - src.detector - WARNING - Insufficient data for statistical analysis
2026-02-18 21:26:09,579 - src.detector - INFO - Anomaly detection completed
2026-02-18 21:26:20,594 - src.detector - WARNING - Insufficient data for training Isolation Forest model
2026-02-18 21:26:20,595 - src.detector - WARNING - Insufficient data for statistical analysis
2026-02-18 21:26:20,595 - src.detector - INFO - Anomaly detection completed
2026-02-18 21:26:31,615 - src.detector - WARNING - Insufficient data for training Isolation Forest model
2026-02-18 21:26:31,616 - src.detector - WARNING - Insufficient data for statistical analysis
2026-02-18 21:26:31,616 - src.detector - INFO - Anomaly detection completed
2026-02-18 21:26:42,637 - src.detector - WARNING - Insufficient data for training Isolation Forest model
2026-02-18 21:26:42,637 - src.detector - WARNING - Insufficient data for statistical analysis
2026-02-18 21:26:42,637 - src.detector - INFO - Anomaly detection completed
2026-02-18 21:26:53,649 - src.monitor - INFO - Internal health check
2026-02-18 21:26:53,649 - src.detector - WARNING - Insufficient data for training Isolation Forest model
2026-02-18 21:26:53,649 - src.detector - WARNING - Insufficient data for statistical analysis
2026-02-18 21:26:53,649 - src.detector - INFO - Anomaly detection completed
2026-02-18 21:27:04,668 - src.detector - WARNING - Insufficient data for training Isolation Forest model
2026-02-18 21:27:04,668 - src.detector - WARNING - Insufficient data for statistical analysis
2026-02-18 21:27:04,668 - src.detector - INFO - Anomaly detection completed
2026-02-18 21:27:15,678 - src.detector - WARNING - Insufficient data for training Isolation Forest model
2026-02-18 21:27:15,678 - src.detector - WARNING - Insufficient data for statistical analysis
2026-02-18 21:27:15,678 - src.detector - INFO - Anomaly detection completed
2026-02-18 21:27:26,694 - src.detector - WARNING - Insufficient data for training Isolation Forest model
2026-02-18 21:27:26,694 - src.detector - WARNING - Insufficient data for statistical analysis
2026-02-18 21:27:26,694 - src.detector - INFO - Anomaly detection completed
2026-02-18 21:27:37,715 - src.detector - WARNING - Insufficient data for training Isolation Forest model
2026-02-18 21:27:37,716 - src.detector - WARNING - Insufficient data for statistical analysis
2026-02-18 21:27:37,716 - src.detector - INFO - Anomaly detection completed
2026-02-18 21:27:48,729 - src.monitor - INFO - Internal health check
2026-02-18 21:27:48,730 - src.detector - WARNING - Insufficient data for training Isolation Forest model
2026-02-18 21:27:48,730 - src.detector - WARNING - Insufficient data for statistical analysis
2026-02-18 21:27:48,730 - src.detector - INFO - Anomaly detection completed
2026-02-18 21:27:59,743 - src.detector - WARNING - Insufficient data for training Isolation Forest model
2026-02-18 21:27:59,743 - src.detector - WARNING - Insufficient data for statistical analysis
2026-02-18 21:27:59,743 - src.detector - INFO - Anomaly detection completed
2026-02-18 21:28:10,765 - src.detector - WARNING - Insufficient data for training Isolation Forest model
2026-02-18 21:28:10,765 - src.detector - WARNING - Insufficient data for statistical analysis
2026-02-18 21:28:10,765 - src.detector - INFO - Anomaly detection completed
2026-02-18 21:28:21,802 - src.detector - WARNING - Insufficient data for training Isolation Forest model
2026-02-18 21:28:21,802 - src.detector - WARNING - Insufficient data for statistical analysis
2026-02-18 21:28:21,803 - src.detector - INFO - Anomaly detection completed
2026-02-18 21:28:32,825 - src.detector - WARNING - Insufficient data for training Isolation Forest model
2026-02-18 21:28:32,825 - src.detector - WARNING - Insufficient data for statistical analysis
2026-02-18 21:28:32,825 - src.detector - INFO - Anomaly detection completed
2026-02-18 21:28:43,837 - src.monitor - INFO - Internal health check
2026-02-18 21:28:43,837 - src.detector - WARNING - Insufficient data for training Isolation Forest model
2026-02-18 21:28:43,838 - src.detector - WARNING - Insufficient data for statistical analysis
2026-02-18 21:28:43,838 - src.detector - INFO - Anomaly detection completed
2026-02-18 21:28:54,855 - src.detector - WARNING - Insufficient data for training Isolation Forest model
2026-02-18 21:28:54,855 - src.detector - WARNING - Insufficient data for statistical analysis
2026-02-18 21:28:54,855 - src.detector - INFO - Anomaly detection completed
2026-02-18 21:29:05,871 - src.detector - WARNING - Insufficient data for training Isolation Forest model
2026-02-18 21:29:05,871 - src.detector - WARNING - Insufficient data for statistical analysis
2026-02-18 21:29:05,871 - src.detector - INFO - Anomaly detection completed
2026-02-18 21:29:16,887 - src.detector - WARNING - Insufficient data for training Isolation Forest model
2026-02-18 21:29:16,887 - src.detector - WARNING - Insufficient data for statistical analysis
2026-02-18 21:29:16,887 - src.detector - INFO - Anomaly detection completed
2026-02-18 21:29:27,901 - src.detector - WARNING - Insufficient data for training Isolation Forest model
2026-02-18 21:29:27,901 - src.detector - WARNING - Insufficient data for statistical analysis
2026-02-18 21:29:27,901 - src.detector - INFO - Anomaly detection completed
2026-02-18 21:29:38,920 - src.monitor - INFO - Internal health check
2026-02-18 21:29:38,920 - src.detector - WARNING - Insufficient data for training Isolation Forest model
2026-02-18 21:29:38,920 - src.detector - WARNING - Insufficient data for statistical analysis
2026-02-18 21:29:38,920 - src.detector - INFO - Anomaly detection completed
2026-02-18 21:29:49,931 - src.detector - WARNING - Insufficient data for training Isolation Forest model
2026-02-18 21:29:49,931 - src.detector - WARNING - Insufficient data for statistical analysis
2026-02-18 21:29:49,931 - src.detector - INFO - Anomaly detection completed
2026-02-18 21:30:00,946 - src.detector - WARNING - Insufficient data for training Isolation Forest model
2026-02-18 21:30:00,946 - src.detector - WARNING - Insufficient data for statistical analysis
2026-02-18 21:30:00,946 - src.detector - INFO - Anomaly detection completed
2026-02-18 21:30:12,018 - src.detector - WARNING - Insufficient data for training Isolation Forest model
2026-02-18 21:30:12,019 - src.detector - WARNING - Insufficient data for statistical analysis
2026-02-18 21:30:12,019 - src.detector - INFO - Anomaly detection completed
2026-02-18 21:30:23,045 - src.detector - WARNING - Insufficient data for training Isolation Forest model
2026-02-18 21:30:23,045 - src.detector - WARNING - Insufficient data for statistical analysis
2026-02-18 21:30:23,045 - src.detector - INFO - Anomaly detection completed
2026-02-18 21:30:34,060 - src.monitor - INFO - Internal health check
2026-02-18 21:30:34,061 - src.detector - WARNING - Insufficient data for training Isolation Forest model
2026-02-18 21:30:34,061 - src.detector - WARNING - Insufficient data for statistical analysis
2026-02-18 21:30:34,061 - src.detector - INFO - Anomaly detection completed
2026-02-18 21:30:45,075 - src.detector - WARNING - Insufficient data for training Isolation Forest model
2026-02-18 21:30:45,075 - src.detector - WARNING - Insufficient data for statistical analysis
2026-02-18 21:30:45,075 - src.detector - INFO - Anomaly detection completed
2026-02-18 21:30:56,110 - src.detector - WARNING - Insufficient data for training Isolation Forest model
2026-02-18 21:30:56,110 - src.detector - WARNING - Insufficient data for statistical analysis
2026-02-18 21:30:56,111 - src.detector - INFO - Anomaly detection completed
2026-02-18 21:31:07,124 - src.detector - WARNING - Insufficient data for training Isolation Forest model
2026-02-18 21:31:07,124 - src.detector - WARNING - Insufficient data for statistical analysis
2026-02-18 21:31:07,124 - src.detector - INFO - Anomaly detection completed
2026-02-18 21:31:18,137 - src.detector - WARNING - Insufficient data for training Isolation Forest model
2026-02-18 21:31:18,137 - src.detector - WARNING - Insufficient data for statistical analysis
2026-02-18 21:31:18,137 - src.detector - INFO - Anomaly detection completed
2026-02-18 21:31:29,162 - src.monitor - INFO - Internal health check
2026-02-18 21:31:29,163 - src.detector - WARNING - Insufficient data for training Isolation Forest model
2026-02-18 21:31:29,163 - src.detector - WARNING - Insufficient data for statistical analysis
2026-02-18 21:31:29,163 - src.detector - INFO - Anomaly detection completed
2026-02-18 21:31:40,181 - src.detector - WARNING - Insufficient data for training Isolation Forest model
2026-02-18 21:31:40,181 - src.detector - WARNING - Insufficient data for statistical analysis
2026-02-18 21:31:40,181 - src.detector - INFO - Anomaly detection completed
2026-02-18 21:31:51,197 - src.detector - WARNING - Insufficient data for training Isolation Forest model
2026-02-18 21:31:51,198 - src.detector - WARNING - Insufficient data for statistical analysis
2026-02-18 21:31:51,198 - src.detector - INFO - Anomaly detection completed
2026-02-18 21:32:02,214 - src.detector - WARNING - Insufficient data for training Isolation Forest model
2026-02-18 21:32:02,215 - src.detector - WARNING - Insufficient data for statistical analysis
2026-02-18 21:32:02,215 - src.detector - INFO - Anomaly detection completed
2026-02-18 21:32:13,233 - src.detector - WARNING - Insufficient data for training Isolation Forest model
2026-02-18 21:32:13,233 - src.detector - WARNING - Insufficient data for statistical analysis
2026-02-18 21:32:13,233 - src.detector - INFO - Anomaly detection completed
2026-02-18 21:32:24,245 - src.monitor - INFO - Internal health check
2026-02-18 21:32:24,246 - src.detector - WARNING - Insufficient data for training Isolation Forest model
2026-02-18 21:32:24,246 - src.detector - WARNING - Insufficient data for statistical analysis
2026-02-18 21:32:24,246 - src.detector - INFO - Anomaly detection completed
2026-02-18 21:32:35,257 - src.detector - WARNING - Insufficient data for training Isolation Forest model
2026-02-18 21:32:35,258 - src.detector - WARNING - Insufficient data for statistical analysis
2026-02-18 21:32:35,258 - src.detector - INFO - Anomaly detection completed
2026-02-18 21:32:46,270 - src.detector - WARNING - Insufficient data for training Isolation Forest model
2026-02-18 21:32:46,270 - src.detector - WARNING - Insufficient data for statistical analysis
2026-02-18 21:32:46,270 - src.detector - INFO - Anomaly detection completed
2026-02-18 21:32:57,292 - src.detector - WARNING - Insufficient data for training Isolation Forest model
2026-02-18 21:32:57,292 - src.detector - WARNING - Insufficient data for statistical analysis
2026-02-18 21:32:57,292 - src.detector - INFO - Anomaly detection completed
2026-02-18 21:33:08,306 - src.detector - WARNING - Insufficient data for training Isolation Forest model
2026-02-18 21:33:08,307 - src.detector - WARNING - Insufficient data for statistical analysis
2026-02-18 21:33:08,307 - src.detector - INFO - Anomaly detection completed
2026-02-18 21:33:19,325 - src.monitor - INFO - Internal health check
2026-02-18 21:33:19,325 - src.detector - WARNING - Insufficient data for training Isolation Forest model
2026-02-18 21:33:19,325 - src.detector - WARNING - Insufficient data for statistical analysis
2026-02-18 21:33:19,325 - src.detector - INFO - Anomaly detection completed
2026-02-18 21:34:02,844 - src.monitor - INFO - SystemMonitor initialized
2026-02-18 21:34:02,844 - src.detector - INFO - IsolationForestDetector initialized
2026-02-18 21:34:02,844 - src.detector - INFO - StatisticalDetector initialized
2026-02-18 21:34:02,844 - src.detector - INFO - AnomalyDetectorService initialized
2026-02-18 21:34:02,846 - src.healer - WARNING - Docker client initialization failed - entering monitor-only mode
Traceback (most recent call last):
  File "C:\Users\patri\AppData\Roaming\Python\Python314\site-packages\docker\api\client.py", line 223, in _retrieve_server_version
    return self.version(api_version=False)["ApiVersion"]
           ~~~~~~~~~~~~^^^^^^^^^^^^^^^^^^^
  File "C:\Users\patri\AppData\Roaming\Python\Python314\site-packages\docker\api\daemon.py", line 181, in version
    return self._result(self._get(url), json=True)
                        ~~~~~~~~~^^^^^
  File "C:\Users\patri\AppData\Roaming\Python\Python314\site-packages\docker\utils\decorators.py", line 44, in inner
    return f(self, *args, **kwargs)
  File "C:\Users\patri\AppData\Roaming\Python\Python314\site-packages\docker\api\client.py", line 246, in _get
    return self.get(url, **self._set_request_timeout(kwargs))
           ~~~~~~~~^^^^^^^^^^^^^^^^^^^^^^^^^^^^^^^^^^^^^^^^^^
  File "C:\Users\patri\AppData\Roaming\Python\Python314\site-packages\requests\sessions.py", line 602, in get
    return self.request("GET", url, **kwargs)
           ~~~~~~~~~~~~^^^^^^^^^^^^^^^^^^^^^^
  File "C:\Users\patri\AppData\Roaming\Python\Python314\site-packages\requests\sessions.py", line 589, in request
    resp = self.send(prep, **send_kwargs)
  File "C:\Users\patri\AppData\Roaming\Python\Python314\site-packages\requests\sessions.py", line 703, in send
    r = adapter.send(request, **kwargs)
  File "C:\Users\patri\AppData\Roaming\Python\Python314\site-packages\requests\adapters.py", line 486, in send
    resp = conn.urlopen(
        method=request.method,
    ...<9 lines>...
        chunked=chunked,
    )
  File "C:\Users\patri\AppData\Roaming\Python\Python314\site-packages\urllib3\connectionpool.py", line 787, in urlopen
    response = self._make_request(
        conn,
    ...<10 lines>...
        **response_kw,
    )
  File "C:\Users\patri\AppData\Roaming\Python\Python314\site-packages\urllib3\connectionpool.py", line 493, in _make_request
    conn.request(
    ~~~~~~~~~~~~^
        method,
        ^^^^^^^
    ...<6 lines>...
        enforce_content_length=enforce_content_length,
        ^^^^^^^^^^^^^^^^^^^^^^^^^^^^^^^^^^^^^^^^^^^^^^
    )
    ^
  File "C:\Users\patri\AppData\Roaming\Python\Python314\site-packages\urllib3\connection.py", line 494, in request
    self.endheaders()
    ~~~~~~~~~~~~~~~^^
  File "C:\Python314\Lib\http\client.py", line 1333, in endheaders
    self._send_output(message_body, encode_chunked=encode_chunked)
    ~~~~~~~~~~~~~~~~~^^^^^^^^^^^^^^^^^^^^^^^^^^^^^^^^^^^^^^^^^^^^^
  File "C:\Python314\Lib\http\client.py", line 1093, in _send_output
    self.send(msg)
    ~~~~~~~~~^^^^^
  File "C:\Python314\Lib\http\client.py", line 1037, in send
    self.connect()
    ~~~~~~~~~~~~^^
  File "C:\Users\patri\AppData\Roaming\Python\Python314\site-packages\docker\transport\npipeconn.py", line 25, in connect
    sock.connect(self.npipe_path)
    ~~~~~~~~~~~~^^^^^^^^^^^^^^^^^
  File "C:\Users\patri\AppData\Roaming\Python\Python314\site-packages\docker\transport\npipesocket.py", line 25, in wrapped
    return f(self, *args, **kwargs)
  File "C:\Users\patri\AppData\Roaming\Python\Python314\site-packages\docker\transport\npipesocket.py", line 76, in connect
    raise e
  File "C:\Users\patri\AppData\Roaming\Python\Python314\site-packages\docker\transport\npipesocket.py", line 54, in connect
    handle = win32file.CreateFile(
        address,
    ...<7 lines>...
        0
    )
pywintypes.error: (2, 'CreateFile', 'The system cannot find the file specified.')

The above exception was the direct cause of the following exception:

Traceback (most recent call last):
  File "d:\Projects\aegis-sentinel\src\healer.py", line 101, in __init__
    self._docker_client = docker.from_env()
                          ~~~~~~~~~~~~~~~^^
  File "C:\Users\patri\AppData\Roaming\Python\Python314\site-packages\docker\client.py", line 94, in from_env
    return cls(
        timeout=timeout,
    ...<3 lines>...
        **kwargs_from_env(**kwargs)
    )
  File "C:\Users\patri\AppData\Roaming\Python\Python314\site-packages\docker\client.py", line 45, in __init__
    self.api = APIClient(*args, **kwargs)
               ~~~~~~~~~^^^^^^^^^^^^^^^^^
  File "C:\Users\patri\AppData\Roaming\Python\Python314\site-packages\docker\api\client.py", line 207, in __init__
    self._version = self._retrieve_server_version()
                    ~~~~~~~~~~~~~~~~~~~~~~~~~~~~~^^
  File "C:\Users\patri\AppData\Roaming\Python\Python314\site-packages\docker\api\client.py", line 230, in _retrieve_server_version
    raise DockerException(
        f'Error while fetching server API version: {e}'
    ) from e
docker.errors.DockerException: Error while fetching server API version: (2, 'CreateFile', 'The system cannot find the file specified.')
2026-02-18 21:34:02,852 - src.healer - INFO - Cache recovery handler initialized
2026-02-18 21:34:02,852 - src.healer - INFO - Service recovery handler initialized
2026-02-18 21:34:02,852 - src.healer - INFO - Recovery engine initialized
2026-02-18 21:34:02,853 - main - INFO - Aegis Sentinel initialized
2026-02-18 21:34:02,853 - main - INFO - Starting Aegis Sentinel service
2026-02-18 21:34:02,853 - src.monitor - INFO - System monitoring started
2026-02-18 21:34:02,853 - main - INFO - Aegis Sentinel service started successfully
2026-02-18 21:34:02,853 - main - INFO - Aegis Sentinel is running. Press Ctrl+C to stop.
2026-02-18 21:34:03,865 - src.detector - WARNING - Insufficient data for training Isolation Forest model
2026-02-18 21:34:03,865 - src.detector - WARNING - Insufficient data for statistical analysis
2026-02-18 21:34:03,865 - src.detector - INFO - Anomaly detection completed
2026-02-18 21:34:14,883 - src.detector - WARNING - Insufficient data for training Isolation Forest model
2026-02-18 21:34:14,883 - src.detector - WARNING - Insufficient data for statistical analysis
2026-02-18 21:34:14,883 - src.detector - INFO - Anomaly detection completed
2026-02-18 21:34:25,901 - src.detector - WARNING - Insufficient data for training Isolation Forest model
2026-02-18 21:34:25,901 - src.detector - WARNING - Insufficient data for statistical analysis
2026-02-18 21:34:25,901 - src.detector - INFO - Anomaly detection completed
2026-02-18 21:34:36,911 - src.detector - WARNING - Insufficient data for training Isolation Forest model
2026-02-18 21:34:36,911 - src.detector - WARNING - Insufficient data for statistical analysis
2026-02-18 21:34:36,911 - src.detector - INFO - Anomaly detection completed
2026-02-18 21:34:47,978 - src.monitor - INFO - Internal health check
2026-02-18 21:34:47,978 - src.detector - WARNING - Insufficient data for training Isolation Forest model
2026-02-18 21:34:47,978 - src.detector - WARNING - Insufficient data for statistical analysis
2026-02-18 21:34:47,978 - src.detector - INFO - Anomaly detection completed
2026-02-18 21:34:58,991 - src.detector - WARNING - Insufficient data for training Isolation Forest model
2026-02-18 21:34:58,991 - src.detector - WARNING - Insufficient data for statistical analysis
2026-02-18 21:34:58,991 - src.detector - INFO - Anomaly detection completed
2026-02-18 21:35:10,005 - src.detector - WARNING - Insufficient data for training Isolation Forest model
2026-02-18 21:35:10,005 - src.detector - WARNING - Insufficient data for statistical analysis
2026-02-18 21:35:10,005 - src.detector - INFO - Anomaly detection completed
2026-02-18 21:35:21,024 - src.detector - WARNING - Insufficient data for training Isolation Forest model
2026-02-18 21:35:21,025 - src.detector - WARNING - Insufficient data for statistical analysis
2026-02-18 21:35:21,025 - src.detector - INFO - Anomaly detection completed
2026-02-18 21:35:32,040 - src.detector - WARNING - Insufficient data for training Isolation Forest model
2026-02-18 21:35:32,041 - src.detector - WARNING - Insufficient data for statistical analysis
2026-02-18 21:35:32,041 - src.detector - INFO - Anomaly detection completed
2026-02-18 21:35:43,054 - src.monitor - INFO - Internal health check
2026-02-18 21:35:43,054 - src.detector - WARNING - Insufficient data for training Isolation Forest model
2026-02-18 21:35:43,054 - src.detector - WARNING - Insufficient data for statistical analysis
2026-02-18 21:35:43,054 - src.detector - INFO - Anomaly detection completed
2026-02-18 21:35:54,063 - src.detector - WARNING - Insufficient data for training Isolation Forest model
2026-02-18 21:35:54,063 - src.detector - WARNING - Insufficient data for statistical analysis
2026-02-18 21:35:54,063 - src.detector - INFO - Anomaly detection completed
2026-02-18 21:36:05,161 - src.detector - WARNING - Insufficient data for training Isolation Forest model
2026-02-18 21:36:05,161 - src.detector - WARNING - Insufficient data for statistical analysis
2026-02-18 21:36:05,161 - src.detector - INFO - Anomaly detection completed
2026-02-18 21:36:16,171 - src.detector - WARNING - Insufficient data for training Isolation Forest model
2026-02-18 21:36:16,171 - src.detector - WARNING - Insufficient data for statistical analysis
2026-02-18 21:36:16,171 - src.detector - INFO - Anomaly detection completed
2026-02-18 21:36:27,182 - src.detector - WARNING - Insufficient data for training Isolation Forest model
2026-02-18 21:36:27,182 - src.detector - WARNING - Insufficient data for statistical analysis
2026-02-18 21:36:27,182 - src.detector - INFO - Anomaly detection completed
2026-02-18 21:36:38,199 - src.monitor - INFO - Internal health check
2026-02-18 21:36:38,199 - src.detector - WARNING - Insufficient data for training Isolation Forest model
2026-02-18 21:36:38,199 - src.detector - WARNING - Insufficient data for statistical analysis
2026-02-18 21:36:38,199 - src.detector - INFO - Anomaly detection completed
2026-02-18 21:36:49,219 - src.detector - WARNING - Insufficient data for training Isolation Forest model
2026-02-18 21:36:49,220 - src.detector - WARNING - Insufficient data for statistical analysis
2026-02-18 21:36:49,220 - src.detector - INFO - Anomaly detection completed
2026-02-18 21:37:00,308 - src.detector - WARNING - Insufficient data for training Isolation Forest model
2026-02-18 21:37:00,308 - src.detector - WARNING - Insufficient data for statistical analysis
2026-02-18 21:37:00,309 - src.detector - INFO - Anomaly detection completed
2026-02-18 21:37:11,328 - src.detector - WARNING - Insufficient data for training Isolation Forest model
2026-02-18 21:37:11,329 - src.detector - WARNING - Insufficient data for statistical analysis
2026-02-18 21:37:11,329 - src.detector - INFO - Anomaly detection completed
2026-02-18 21:37:22,343 - src.detector - WARNING - Insufficient data for training Isolation Forest model
2026-02-18 21:37:22,343 - src.detector - WARNING - Insufficient data for statistical analysis
2026-02-18 21:37:22,343 - src.detector - INFO - Anomaly detection completed
2026-02-18 21:37:33,355 - src.monitor - INFO - Internal health check
2026-02-18 21:37:33,356 - src.detector - WARNING - Insufficient data for training Isolation Forest model
2026-02-18 21:37:33,356 - src.detector - WARNING - Insufficient data for statistical analysis
2026-02-18 21:37:33,356 - src.detector - INFO - Anomaly detection completed
2026-02-18 21:37:44,375 - src.detector - WARNING - Insufficient data for training Isolation Forest model
2026-02-18 21:37:44,376 - src.detector - WARNING - Insufficient data for statistical analysis
2026-02-18 21:37:44,376 - src.detector - INFO - Anomaly detection completed
2026-02-18 21:37:55,395 - src.detector - WARNING - Insufficient data for training Isolation Forest model
2026-02-18 21:37:55,396 - src.detector - WARNING - Insufficient data for statistical analysis
2026-02-18 21:37:55,396 - src.detector - INFO - Anomaly detection completed
2026-02-18 21:38:06,420 - src.detector - WARNING - Insufficient data for training Isolation Forest model
2026-02-18 21:38:06,421 - src.detector - WARNING - Insufficient data for statistical analysis
2026-02-18 21:38:06,421 - src.detector - INFO - Anomaly detection completed
2026-02-18 21:38:17,524 - src.detector - WARNING - Insufficient data for training Isolation Forest model
2026-02-18 21:38:17,524 - src.detector - WARNING - Insufficient data for statistical analysis
2026-02-18 21:38:17,524 - src.detector - INFO - Anomaly detection completed
2026-02-18 21:38:28,544 - src.monitor - INFO - Internal health check
2026-02-18 21:38:28,545 - src.detector - WARNING - Insufficient data for training Isolation Forest model
2026-02-18 21:38:28,545 - src.detector - WARNING - Insufficient data for statistical analysis
2026-02-18 21:38:28,545 - src.detector - INFO - Anomaly detection completed
2026-02-18 21:38:39,562 - src.detector - WARNING - Insufficient data for training Isolation Forest model
2026-02-18 21:38:39,562 - src.detector - WARNING - Insufficient data for statistical analysis
2026-02-18 21:38:39,562 - src.detector - INFO - Anomaly detection completed
2026-02-18 21:38:50,580 - src.detector - WARNING - Insufficient data for training Isolation Forest model
2026-02-18 21:38:50,580 - src.detector - WARNING - Insufficient data for statistical analysis
2026-02-18 21:38:50,580 - src.detector - INFO - Anomaly detection completed
2026-02-18 21:39:01,599 - src.detector - WARNING - Insufficient data for training Isolation Forest model
2026-02-18 21:39:01,599 - src.detector - WARNING - Insufficient data for statistical analysis
2026-02-18 21:39:01,599 - src.detector - INFO - Anomaly detection completed
2026-02-18 21:39:12,616 - src.detector - WARNING - Insufficient data for training Isolation Forest model
2026-02-18 21:39:12,617 - src.detector - WARNING - Insufficient data for statistical analysis
2026-02-18 21:39:12,617 - src.detector - INFO - Anomaly detection completed
2026-02-18 21:39:23,629 - src.monitor - INFO - Internal health check
2026-02-18 21:39:23,629 - src.detector - WARNING - Insufficient data for training Isolation Forest model
2026-02-18 21:39:23,629 - src.detector - WARNING - Insufficient data for statistical analysis
2026-02-18 21:39:23,629 - src.detector - INFO - Anomaly detection completed
2026-02-18 21:39:34,643 - src.detector - WARNING - Insufficient data for training Isolation Forest model
2026-02-18 21:39:34,644 - src.detector - WARNING - Insufficient data for statistical analysis
2026-02-18 21:39:34,644 - src.detector - INFO - Anomaly detection completed
2026-02-18 21:39:45,658 - src.detector - WARNING - Insufficient data for training Isolation Forest model
2026-02-18 21:39:45,658 - src.detector - WARNING - Insufficient data for statistical analysis
2026-02-18 21:39:45,658 - src.detector - INFO - Anomaly detection completed
2026-02-18 21:39:56,671 - src.detector - WARNING - Insufficient data for training Isolation Forest model
2026-02-18 21:39:56,671 - src.detector - WARNING - Insufficient data for statistical analysis
2026-02-18 21:39:56,671 - src.detector - INFO - Anomaly detection completed
2026-02-18 21:40:07,683 - src.detector - WARNING - Insufficient data for training Isolation Forest model
2026-02-18 21:40:07,683 - src.detector - WARNING - Insufficient data for statistical analysis
2026-02-18 21:40:07,683 - src.detector - INFO - Anomaly detection completed
2026-02-18 21:40:18,701 - src.monitor - INFO - Internal health check
2026-02-18 21:40:18,702 - src.detector - WARNING - Insufficient data for training Isolation Forest model
2026-02-18 21:40:18,703 - src.detector - WARNING - Insufficient data for statistical analysis
2026-02-18 21:40:18,703 - src.detector - INFO - Anomaly detection completed
2026-02-18 21:40:29,719 - src.detector - WARNING - Insufficient data for training Isolation Forest model
2026-02-18 21:40:29,719 - src.detector - WARNING - Insufficient data for statistical analysis
2026-02-18 21:40:29,719 - src.detector - INFO - Anomaly detection completed
2026-02-18 21:40:40,732 - src.detector - WARNING - Insufficient data for training Isolation Forest model
2026-02-18 21:40:40,732 - src.detector - WARNING - Insufficient data for statistical analysis
2026-02-18 21:40:40,732 - src.detector - INFO - Anomaly detection completed
2026-02-18 21:40:51,751 - src.detector - WARNING - Insufficient data for training Isolation Forest model
2026-02-18 21:40:51,751 - src.detector - WARNING - Insufficient data for statistical analysis
2026-02-18 21:40:51,751 - src.detector - INFO - Anomaly detection completed
2026-02-18 21:41:02,773 - src.detector - WARNING - Insufficient data for training Isolation Forest model
2026-02-18 21:41:02,773 - src.detector - WARNING - Insufficient data for statistical analysis
2026-02-18 21:41:02,773 - src.detector - INFO - Anomaly detection completed
2026-02-18 21:41:13,799 - src.monitor - INFO - Internal health check
2026-02-18 21:41:13,799 - src.detector - WARNING - Insufficient data for training Isolation Forest model
2026-02-18 21:41:13,800 - src.detector - WARNING - Insufficient data for statistical analysis
2026-02-18 21:41:13,800 - src.detector - INFO - Anomaly detection completed
2026-02-18 21:41:24,812 - src.detector - WARNING - Insufficient data for training Isolation Forest model
2026-02-18 21:41:24,812 - src.detector - WARNING - Insufficient data for statistical analysis
2026-02-18 21:41:24,812 - src.detector - INFO - Anomaly detection completed
2026-02-18 21:41:35,822 - src.detector - WARNING - Insufficient data for training Isolation Forest model
2026-02-18 21:41:35,822 - src.detector - WARNING - Insufficient data for statistical analysis
2026-02-18 21:41:35,822 - src.detector - INFO - Anomaly detection completed
2026-02-18 21:41:46,837 - src.detector - WARNING - Insufficient data for training Isolation Forest model
2026-02-18 21:41:46,837 - src.detector - WARNING - Insufficient data for statistical analysis
2026-02-18 21:41:46,837 - src.detector - INFO - Anomaly detection completed
2026-02-18 21:41:57,851 - src.detector - WARNING - Insufficient data for training Isolation Forest model
2026-02-18 21:41:57,852 - src.detector - WARNING - Insufficient data for statistical analysis
2026-02-18 21:41:57,852 - src.detector - INFO - Anomaly detection completed
2026-02-18 21:42:52,167 - src.monitor - INFO - SystemMonitor initialized
2026-02-18 21:42:52,167 - src.detector - INFO - IsolationForestDetector initialized
2026-02-18 21:42:52,167 - src.detector - INFO - StatisticalDetector initialized
2026-02-18 21:42:52,167 - src.detector - INFO - AnomalyDetectorService initialized
2026-02-18 21:42:52,168 - src.healer - WARNING - Docker client initialization failed - entering monitor-only mode
Traceback (most recent call last):
  File "C:\Users\patri\AppData\Roaming\Python\Python314\site-packages\docker\api\client.py", line 223, in _retrieve_server_version
    return self.version(api_version=False)["ApiVersion"]
           ~~~~~~~~~~~~^^^^^^^^^^^^^^^^^^^
  File "C:\Users\patri\AppData\Roaming\Python\Python314\site-packages\docker\api\daemon.py", line 181, in version
    return self._result(self._get(url), json=True)
                        ~~~~~~~~~^^^^^
  File "C:\Users\patri\AppData\Roaming\Python\Python314\site-packages\docker\utils\decorators.py", line 44, in inner
    return f(self, *args, **kwargs)
  File "C:\Users\patri\AppData\Roaming\Python\Python314\site-packages\docker\api\client.py", line 246, in _get
    return self.get(url, **self._set_request_timeout(kwargs))
           ~~~~~~~~^^^^^^^^^^^^^^^^^^^^^^^^^^^^^^^^^^^^^^^^^^
  File "C:\Users\patri\AppData\Roaming\Python\Python314\site-packages\requests\sessions.py", line 602, in get
    return self.request("GET", url, **kwargs)
           ~~~~~~~~~~~~^^^^^^^^^^^^^^^^^^^^^^
  File "C:\Users\patri\AppData\Roaming\Python\Python314\site-packages\requests\sessions.py", line 589, in request
    resp = self.send(prep, **send_kwargs)
  File "C:\Users\patri\AppData\Roaming\Python\Python314\site-packages\requests\sessions.py", line 703, in send
    r = adapter.send(request, **kwargs)
  File "C:\Users\patri\AppData\Roaming\Python\Python314\site-packages\requests\adapters.py", line 486, in send
    resp = conn.urlopen(
        method=request.method,
    ...<9 lines>...
        chunked=chunked,
    )
  File "C:\Users\patri\AppData\Roaming\Python\Python314\site-packages\urllib3\connectionpool.py", line 787, in urlopen
    response = self._make_request(
        conn,
    ...<10 lines>...
        **response_kw,
    )
  File "C:\Users\patri\AppData\Roaming\Python\Python314\site-packages\urllib3\connectionpool.py", line 493, in _make_request
    conn.request(
    ~~~~~~~~~~~~^
        method,
        ^^^^^^^
    ...<6 lines>...
        enforce_content_length=enforce_content_length,
        ^^^^^^^^^^^^^^^^^^^^^^^^^^^^^^^^^^^^^^^^^^^^^^
    )
    ^
  File "C:\Users\patri\AppData\Roaming\Python\Python314\site-packages\urllib3\connection.py", line 494, in request
    self.endheaders()
    ~~~~~~~~~~~~~~~^^
  File "C:\Python314\Lib\http\client.py", line 1333, in endheaders
    self._send_output(message_body, encode_chunked=encode_chunked)
    ~~~~~~~~~~~~~~~~~^^^^^^^^^^^^^^^^^^^^^^^^^^^^^^^^^^^^^^^^^^^^^
  File "C:\Python314\Lib\http\client.py", line 1093, in _send_output
    self.send(msg)
    ~~~~~~~~~^^^^^
  File "C:\Python314\Lib\http\client.py", line 1037, in send
    self.connect()
    ~~~~~~~~~~~~^^
  File "C:\Users\patri\AppData\Roaming\Python\Python314\site-packages\docker\transport\npipeconn.py", line 25, in connect
    sock.connect(self.npipe_path)
    ~~~~~~~~~~~~^^^^^^^^^^^^^^^^^
  File "C:\Users\patri\AppData\Roaming\Python\Python314\site-packages\docker\transport\npipesocket.py", line 25, in wrapped
    return f(self, *args, **kwargs)
  File "C:\Users\patri\AppData\Roaming\Python\Python314\site-packages\docker\transport\npipesocket.py", line 76, in connect
    raise e
  File "C:\Users\patri\AppData\Roaming\Python\Python314\site-packages\docker\transport\npipesocket.py", line 54, in connect
    handle = win32file.CreateFile(
        address,
    ...<7 lines>...
        0
    )
pywintypes.error: (2, 'CreateFile', 'The system cannot find the file specified.')

The above exception was the direct cause of the following exception:

Traceback (most recent call last):
  File "d:\Projects\aegis-sentinel\src\healer.py", line 101, in __init__
    self._docker_client = docker.from_env()
                          ~~~~~~~~~~~~~~~^^
  File "C:\Users\patri\AppData\Roaming\Python\Python314\site-packages\docker\client.py", line 94, in from_env
    return cls(
        timeout=timeout,
    ...<3 lines>...
        **kwargs_from_env(**kwargs)
    )
  File "C:\Users\patri\AppData\Roaming\Python\Python314\site-packages\docker\client.py", line 45, in __init__
    self.api = APIClient(*args, **kwargs)
               ~~~~~~~~~^^^^^^^^^^^^^^^^^
  File "C:\Users\patri\AppData\Roaming\Python\Python314\site-packages\docker\api\client.py", line 207, in __init__
    self._version = self._retrieve_server_version()
                    ~~~~~~~~~~~~~~~~~~~~~~~~~~~~~^^
  File "C:\Users\patri\AppData\Roaming\Python\Python314\site-packages\docker\api\client.py", line 230, in _retrieve_server_version
    raise DockerException(
        f'Error while fetching server API version: {e}'
    ) from e
docker.errors.DockerException: Error while fetching server API version: (2, 'CreateFile', 'The system cannot find the file specified.')
2026-02-18 21:42:52,174 - src.healer - INFO - Cache recovery handler initialized
2026-02-18 21:42:52,174 - src.healer - INFO - Service recovery handler initialized
2026-02-18 21:42:52,174 - src.healer - INFO - Recovery engine initialized
2026-02-18 21:42:52,174 - main - INFO - Aegis Sentinel initialized
2026-02-18 21:42:52,174 - main - INFO - Starting Aegis Sentinel service
2026-02-18 21:42:52,174 - src.monitor - INFO - System monitoring started
2026-02-18 21:42:52,174 - main - INFO - Aegis Sentinel service started successfully
2026-02-18 21:42:52,174 - main - INFO - Aegis Sentinel is running. Press Ctrl+C to stop.
2026-02-18 21:42:53,188 - src.detector - WARNING - Insufficient data for training Isolation Forest model
2026-02-18 21:42:53,188 - src.detector - WARNING - Insufficient data for statistical analysis
2026-02-18 21:42:53,188 - src.detector - INFO - Anomaly detection completed
2026-02-18 21:43:04,210 - src.detector - WARNING - Insufficient data for training Isolation Forest model
2026-02-18 21:43:04,210 - src.detector - WARNING - Insufficient data for statistical analysis
2026-02-18 21:43:04,211 - src.detector - INFO - Anomaly detection completed
2026-02-18 21:43:15,233 - src.detector - WARNING - Insufficient data for training Isolation Forest model
2026-02-18 21:43:15,233 - src.detector - WARNING - Insufficient data for statistical analysis
2026-02-18 21:43:15,234 - src.detector - INFO - Anomaly detection completed
2026-02-18 21:43:26,248 - src.detector - WARNING - Insufficient data for training Isolation Forest model
2026-02-18 21:43:26,248 - src.detector - WARNING - Insufficient data for statistical analysis
2026-02-18 21:43:26,248 - src.detector - INFO - Anomaly detection completed
2026-02-18 21:43:37,263 - src.monitor - INFO - Internal health check
2026-02-18 21:43:37,263 - src.detector - WARNING - Insufficient data for training Isolation Forest model
2026-02-18 21:43:37,263 - src.detector - WARNING - Insufficient data for statistical analysis
2026-02-18 21:43:37,263 - src.detector - INFO - Anomaly detection completed
2026-02-18 21:43:48,276 - src.detector - WARNING - Insufficient data for training Isolation Forest model
2026-02-18 21:43:48,276 - src.detector - WARNING - Insufficient data for statistical analysis
2026-02-18 21:43:48,276 - src.detector - INFO - Anomaly detection completed
2026-02-18 21:43:59,289 - src.detector - WARNING - Insufficient data for training Isolation Forest model
2026-02-18 21:43:59,289 - src.detector - WARNING - Insufficient data for statistical analysis
2026-02-18 21:43:59,289 - src.detector - INFO - Anomaly detection completed
2026-02-18 21:44:10,305 - src.detector - WARNING - Insufficient data for training Isolation Forest model
2026-02-18 21:44:10,305 - src.detector - WARNING - Insufficient data for statistical analysis
2026-02-18 21:44:10,306 - src.detector - INFO - Anomaly detection completed
2026-02-18 21:44:21,316 - src.detector - WARNING - Insufficient data for training Isolation Forest model
2026-02-18 21:44:21,316 - src.detector - WARNING - Insufficient data for statistical analysis
2026-02-18 21:44:21,316 - src.detector - INFO - Anomaly detection completed
2026-02-18 21:44:32,337 - src.monitor - INFO - Internal health check
2026-02-18 21:44:32,337 - src.detector - WARNING - Insufficient data for training Isolation Forest model
2026-02-18 21:44:32,337 - src.detector - WARNING - Insufficient data for statistical analysis
2026-02-18 21:44:32,337 - src.detector - INFO - Anomaly detection completed
2026-02-18 21:44:43,354 - src.detector - WARNING - Insufficient data for training Isolation Forest model
2026-02-18 21:44:43,354 - src.detector - WARNING - Insufficient data for statistical analysis
2026-02-18 21:44:43,355 - src.detector - INFO - Anomaly detection completed
2026-02-18 21:44:54,373 - src.detector - WARNING - Insufficient data for training Isolation Forest model
2026-02-18 21:44:54,373 - src.detector - WARNING - Insufficient data for statistical analysis
2026-02-18 21:44:54,373 - src.detector - INFO - Anomaly detection completed
2026-02-18 21:45:05,388 - src.detector - WARNING - Insufficient data for training Isolation Forest model
2026-02-18 21:45:05,388 - src.detector - WARNING - Insufficient data for statistical analysis
2026-02-18 21:45:05,388 - src.detector - INFO - Anomaly detection completed
2026-02-18 21:45:16,400 - src.detector - WARNING - Insufficient data for training Isolation Forest model
2026-02-18 21:45:16,400 - src.detector - WARNING - Insufficient data for statistical analysis
2026-02-18 21:45:16,400 - src.detector - INFO - Anomaly detection completed
2026-02-18 21:45:27,416 - src.monitor - INFO - Internal health check
2026-02-18 21:45:27,416 - src.detector - WARNING - Insufficient data for training Isolation Forest model
2026-02-18 21:45:27,416 - src.detector - WARNING - Insufficient data for statistical analysis
2026-02-18 21:45:27,416 - src.detector - INFO - Anomaly detection completed
2026-02-18 21:45:38,437 - src.detector - WARNING - Insufficient data for training Isolation Forest model
2026-02-18 21:45:38,437 - src.detector - WARNING - Insufficient data for statistical analysis
2026-02-18 21:45:38,437 - src.detector - INFO - Anomaly detection completed
2026-02-18 21:45:49,457 - src.detector - WARNING - Insufficient data for training Isolation Forest model
2026-02-18 21:45:49,457 - src.detector - WARNING - Insufficient data for statistical analysis
2026-02-18 21:45:49,457 - src.detector - INFO - Anomaly detection completed
2026-02-18 21:46:00,475 - src.detector - WARNING - Insufficient data for training Isolation Forest model
2026-02-18 21:46:00,475 - src.detector - WARNING - Insufficient data for statistical analysis
2026-02-18 21:46:00,475 - src.detector - INFO - Anomaly detection completed
2026-02-18 21:46:11,492 - src.detector - WARNING - Insufficient data for training Isolation Forest model
2026-02-18 21:46:11,493 - src.detector - WARNING - Insufficient data for statistical analysis
2026-02-18 21:46:11,493 - src.detector - INFO - Anomaly detection completed
2026-02-18 21:46:22,514 - src.monitor - INFO - Internal health check
2026-02-18 21:46:22,514 - src.detector - WARNING - Insufficient data for training Isolation Forest model
2026-02-18 21:46:22,514 - src.detector - WARNING - Insufficient data for statistical analysis
2026-02-18 21:46:22,514 - src.detector - INFO - Anomaly detection completed
2026-02-18 21:46:33,524 - src.detector - WARNING - Insufficient data for training Isolation Forest model
2026-02-18 21:46:33,524 - src.detector - WARNING - Insufficient data for statistical analysis
2026-02-18 21:46:33,524 - src.detector - INFO - Anomaly detection completed
2026-02-18 21:46:44,541 - src.detector - WARNING - Insufficient data for training Isolation Forest model
2026-02-18 21:46:44,541 - src.detector - WARNING - Insufficient data for statistical analysis
2026-02-18 21:46:44,541 - src.detector - INFO - Anomaly detection completed
2026-02-18 21:46:55,557 - src.detector - WARNING - Insufficient data for training Isolation Forest model
2026-02-18 21:46:55,557 - src.detector - WARNING - Insufficient data for statistical analysis
2026-02-18 21:46:55,557 - src.detector - INFO - Anomaly detection completed
2026-02-18 21:47:06,570 - src.detector - WARNING - Insufficient data for training Isolation Forest model
2026-02-18 21:47:06,570 - src.detector - WARNING - Insufficient data for statistical analysis
2026-02-18 21:47:06,570 - src.detector - INFO - Anomaly detection completed
2026-02-18 21:47:17,603 - src.monitor - INFO - Internal health check
2026-02-18 21:47:17,603 - src.detector - WARNING - Insufficient data for training Isolation Forest model
2026-02-18 21:47:17,603 - src.detector - WARNING - Insufficient data for statistical analysis
2026-02-18 21:47:17,603 - src.detector - INFO - Anomaly detection completed
2026-02-18 21:47:28,616 - src.detector - WARNING - Insufficient data for training Isolation Forest model
2026-02-18 21:47:28,616 - src.detector - WARNING - Insufficient data for statistical analysis
2026-02-18 21:47:28,616 - src.detector - INFO - Anomaly detection completed
2026-02-18 21:47:39,636 - src.detector - WARNING - Insufficient data for training Isolation Forest model
2026-02-18 21:47:39,636 - src.detector - WARNING - Insufficient data for statistical analysis
2026-02-18 21:47:39,637 - src.detector - INFO - Anomaly detection completed
2026-02-18 21:47:50,646 - src.detector - WARNING - Insufficient data for training Isolation Forest model
2026-02-18 21:47:50,646 - src.detector - WARNING - Insufficient data for statistical analysis
2026-02-18 21:47:50,646 - src.detector - INFO - Anomaly detection completed
2026-02-18 21:48:01,660 - src.detector - WARNING - Insufficient data for training Isolation Forest model
2026-02-18 21:48:01,660 - src.detector - WARNING - Insufficient data for statistical analysis
2026-02-18 21:48:01,660 - src.detector - INFO - Anomaly detection completed
2026-02-18 21:48:12,678 - src.monitor - INFO - Internal health check
2026-02-18 21:48:12,695 - src.detector - WARNING - Insufficient data for training Isolation Forest model
2026-02-18 21:48:12,695 - src.detector - WARNING - Insufficient data for statistical analysis
2026-02-18 21:48:12,695 - src.detector - INFO - Anomaly detection completed
2026-02-18 21:48:23,713 - src.detector - WARNING - Insufficient data for training Isolation Forest model
2026-02-18 21:48:23,713 - src.detector - WARNING - Insufficient data for statistical analysis
2026-02-18 21:48:23,714 - src.detector - INFO - Anomaly detection completed
2026-02-18 21:48:34,737 - src.detector - WARNING - Insufficient data for training Isolation Forest model
2026-02-18 21:48:34,737 - src.detector - WARNING - Insufficient data for statistical analysis
2026-02-18 21:48:34,737 - src.detector - INFO - Anomaly detection completed
2026-02-18 21:48:45,757 - src.detector - WARNING - Insufficient data for training Isolation Forest model
2026-02-18 21:48:45,757 - src.detector - WARNING - Insufficient data for statistical analysis
2026-02-18 21:48:45,758 - src.detector - INFO - Anomaly detection completed
