2026-02-18 19:33:30,605 - src.monitor - INFO - SystemMonitor initialized
2026-02-18 19:33:30,606 - src.detector - INFO - IsolationForestDetector initialized
2026-02-18 19:33:30,606 - src.detector - INFO - StatisticalDetector initialized
2026-02-18 19:33:30,606 - src.detector - INFO - AnomalyDetectorService initialized
2026-02-18 19:33:30,615 - src.healer - ERROR - Failed to initialize Docker client
Traceback (most recent call last):
  File "C:\Users\patri\AppData\Roaming\Python\Python314\site-packages\docker\api\client.py", line 223, in _retrieve_server_version
    return self.version(api_version=False)["ApiVersion"]
           ~~~~~~~~~~~~^^^^^^^^^^^^^^^^^^^
  File "C:\Users\patri\AppData\Roaming\Python\Python314\site-packages\docker\api\daemon.py", line 181, in version
    return self._result(self._get(url), json=True)
                        ~~~~~~~~~^^^^^
  File "C:\Users\patri\AppData\Roaming\Python\Python314\site-packages\docker\utils\decorators.py", line 44, in inner
    return f(self, *args, **kwargs)
  File "C:\Users\patri\AppData\Roaming\Python\Python314\site-packages\docker\api\client.py", line 246, in _get
    return self.get(url, **self._set_request_timeout(kwargs))
           ~~~~~~~~^^^^^^^^^^^^^^^^^^^^^^^^^^^^^^^^^^^^^^^^^^
  File "C:\Users\patri\AppData\Roaming\Python\Python314\site-packages\requests\sessions.py", line 602, in get
    return self.request("GET", url, **kwargs)
           ~~~~~~~~~~~~^^^^^^^^^^^^^^^^^^^^^^
  File "C:\Users\patri\AppData\Roaming\Python\Python314\site-packages\requests\sessions.py", line 589, in request
    resp = self.send(prep, **send_kwargs)
  File "C:\Users\patri\AppData\Roaming\Python\Python314\site-packages\requests\sessions.py", line 703, in send
    r = adapter.send(request, **kwargs)
  File "C:\Users\patri\AppData\Roaming\Python\Python314\site-packages\requests\adapters.py", line 486, in send
    resp = conn.urlopen(
        method=request.method,
    ...<9 lines>...
        chunked=chunked,
    )
  File "C:\Users\patri\AppData\Roaming\Python\Python314\site-packages\urllib3\connectionpool.py", line 787, in urlopen
    response = self._make_request(
        conn,
    ...<10 lines>...
        **response_kw,
    )
  File "C:\Users\patri\AppData\Roaming\Python\Python314\site-packages\urllib3\connectionpool.py", line 493, in _make_request
    conn.request(
    ~~~~~~~~~~~~^
        method,
        ^^^^^^^
    ...<6 lines>...
        enforce_content_length=enforce_content_length,
        ^^^^^^^^^^^^^^^^^^^^^^^^^^^^^^^^^^^^^^^^^^^^^^
    )
    ^
  File "C:\Users\patri\AppData\Roaming\Python\Python314\site-packages\urllib3\connection.py", line 494, in request
    self.endheaders()
    ~~~~~~~~~~~~~~~^^
  File "C:\Python314\Lib\http\client.py", line 1333, in endheaders
    self._send_output(message_body, encode_chunked=encode_chunked)
    ~~~~~~~~~~~~~~~~~^^^^^^^^^^^^^^^^^^^^^^^^^^^^^^^^^^^^^^^^^^^^^
  File "C:\Python314\Lib\http\client.py", line 1093, in _send_output
    self.send(msg)
    ~~~~~~~~~^^^^^
  File "C:\Python314\Lib\http\client.py", line 1037, in send
    self.connect()
    ~~~~~~~~~~~~^^
  File "C:\Users\patri\AppData\Roaming\Python\Python314\site-packages\docker\transport\npipeconn.py", line 25, in connect
    sock.connect(self.npipe_path)
    ~~~~~~~~~~~~^^^^^^^^^^^^^^^^^
  File "C:\Users\patri\AppData\Roaming\Python\Python314\site-packages\docker\transport\npipesocket.py", line 25, in wrapped
    return f(self, *args, **kwargs)
  File "C:\Users\patri\AppData\Roaming\Python\Python314\site-packages\docker\transport\npipesocket.py", line 76, in connect
    raise e
  File "C:\Users\patri\AppData\Roaming\Python\Python314\site-packages\docker\transport\npipesocket.py", line 54, in connect
    handle = win32file.CreateFile(
        address,
    ...<7 lines>...
        0
    )
pywintypes.error: (2, 'CreateFile', 'The system cannot find the file specified.')

The above exception was the direct cause of the following exception:

Traceback (most recent call last):
  File "d:\Projects\aegis-sentinel\src\healer.py", line 99, in __init__
    self._docker_client = docker.from_env()
                          ~~~~~~~~~~~~~~~^^
  File "C:\Users\patri\AppData\Roaming\Python\Python314\site-packages\docker\client.py", line 94, in from_env
    return cls(
        timeout=timeout,
    ...<3 lines>...
        **kwargs_from_env(**kwargs)
    )
  File "C:\Users\patri\AppData\Roaming\Python\Python314\site-packages\docker\client.py", line 45, in __init__
    self.api = APIClient(*args, **kwargs)
               ~~~~~~~~~^^^^^^^^^^^^^^^^^
  File "C:\Users\patri\AppData\Roaming\Python\Python314\site-packages\docker\api\client.py", line 207, in __init__
    self._version = self._retrieve_server_version()
                    ~~~~~~~~~~~~~~~~~~~~~~~~~~~~~^^
  File "C:\Users\patri\AppData\Roaming\Python\Python314\site-packages\docker\api\client.py", line 230, in _retrieve_server_version
    raise DockerException(
        f'Error while fetching server API version: {e}'
    ) from e
docker.errors.DockerException: Error while fetching server API version: (2, 'CreateFile', 'The system cannot find the file specified.')
2026-02-18 19:33:30,695 - src.healer - INFO - Cache recovery handler initialized
2026-02-18 19:33:30,695 - src.healer - INFO - Service recovery handler initialized
2026-02-18 19:33:30,695 - src.healer - INFO - Recovery engine initialized
2026-02-18 19:33:30,695 - __main__ - INFO - Aegis Sentinel initialized
2026-02-18 19:33:30,695 - __main__ - INFO - Starting Aegis Sentinel service
2026-02-18 19:33:30,696 - src.monitor - INFO - System monitoring started
2026-02-18 19:33:30,696 - __main__ - INFO - Aegis Sentinel service started successfully
2026-02-18 19:33:30,696 - __main__ - INFO - Aegis Sentinel is running. Press Ctrl+C to stop.
2026-02-18 19:33:31,707 - src.detector - WARNING - Insufficient data for training Isolation Forest model
2026-02-18 19:33:31,707 - src.detector - WARNING - Insufficient data for statistical analysis
2026-02-18 19:33:31,707 - src.detector - INFO - Anomaly detection completed
2026-02-18 19:33:42,730 - src.detector - WARNING - Insufficient data for training Isolation Forest model
2026-02-18 19:33:42,730 - src.detector - WARNING - Insufficient data for statistical analysis
2026-02-18 19:33:42,730 - src.detector - INFO - Anomaly detection completed
2026-02-18 19:33:53,757 - src.detector - WARNING - Insufficient data for training Isolation Forest model
2026-02-18 19:33:53,757 - src.detector - WARNING - Insufficient data for statistical analysis
2026-02-18 19:33:53,757 - src.detector - INFO - Anomaly detection completed
2026-02-18 19:34:04,768 - src.detector - WARNING - Insufficient data for training Isolation Forest model
2026-02-18 19:34:04,768 - src.detector - WARNING - Insufficient data for statistical analysis
2026-02-18 19:34:04,768 - src.detector - INFO - Anomaly detection completed
2026-02-18 19:41:56,140 - src.monitor - INFO - SystemMonitor initialized
2026-02-18 19:41:56,140 - src.detector - INFO - IsolationForestDetector initialized
2026-02-18 19:41:56,141 - src.detector - INFO - StatisticalDetector initialized
2026-02-18 19:41:56,141 - src.detector - INFO - AnomalyDetectorService initialized
2026-02-18 19:41:56,144 - src.healer - ERROR - Failed to initialize Docker client
Traceback (most recent call last):
  File "C:\Users\patri\AppData\Roaming\Python\Python314\site-packages\docker\api\client.py", line 223, in _retrieve_server_version
    return self.version(api_version=False)["ApiVersion"]
           ~~~~~~~~~~~~^^^^^^^^^^^^^^^^^^^
  File "C:\Users\patri\AppData\Roaming\Python\Python314\site-packages\docker\api\daemon.py", line 181, in version
    return self._result(self._get(url), json=True)
                        ~~~~~~~~~^^^^^
  File "C:\Users\patri\AppData\Roaming\Python\Python314\site-packages\docker\utils\decorators.py", line 44, in inner
    return f(self, *args, **kwargs)
  File "C:\Users\patri\AppData\Roaming\Python\Python314\site-packages\docker\api\client.py", line 246, in _get
    return self.get(url, **self._set_request_timeout(kwargs))
           ~~~~~~~~^^^^^^^^^^^^^^^^^^^^^^^^^^^^^^^^^^^^^^^^^^
  File "C:\Users\patri\AppData\Roaming\Python\Python314\site-packages\requests\sessions.py", line 602, in get
    return self.request("GET", url, **kwargs)
           ~~~~~~~~~~~~^^^^^^^^^^^^^^^^^^^^^^
  File "C:\Users\patri\AppData\Roaming\Python\Python314\site-packages\requests\sessions.py", line 589, in request
    resp = self.send(prep, **send_kwargs)
  File "C:\Users\patri\AppData\Roaming\Python\Python314\site-packages\requests\sessions.py", line 703, in send
    r = adapter.send(request, **kwargs)
  File "C:\Users\patri\AppData\Roaming\Python\Python314\site-packages\requests\adapters.py", line 486, in send
    resp = conn.urlopen(
        method=request.method,
    ...<9 lines>...
        chunked=chunked,
    )
  File "C:\Users\patri\AppData\Roaming\Python\Python314\site-packages\urllib3\connectionpool.py", line 787, in urlopen
    response = self._make_request(
        conn,
    ...<10 lines>...
        **response_kw,
    )
  File "C:\Users\patri\AppData\Roaming\Python\Python314\site-packages\urllib3\connectionpool.py", line 493, in _make_request
    conn.request(
    ~~~~~~~~~~~~^
        method,
        ^^^^^^^
    ...<6 lines>...
        enforce_content_length=enforce_content_length,
        ^^^^^^^^^^^^^^^^^^^^^^^^^^^^^^^^^^^^^^^^^^^^^^
    )
    ^
  File "C:\Users\patri\AppData\Roaming\Python\Python314\site-packages\urllib3\connection.py", line 494, in request
    self.endheaders()
    ~~~~~~~~~~~~~~~^^
  File "C:\Python314\Lib\http\client.py", line 1333, in endheaders
    self._send_output(message_body, encode_chunked=encode_chunked)
    ~~~~~~~~~~~~~~~~~^^^^^^^^^^^^^^^^^^^^^^^^^^^^^^^^^^^^^^^^^^^^^
  File "C:\Python314\Lib\http\client.py", line 1093, in _send_output
    self.send(msg)
    ~~~~~~~~~^^^^^
  File "C:\Python314\Lib\http\client.py", line 1037, in send
    self.connect()
    ~~~~~~~~~~~~^^
  File "C:\Users\patri\AppData\Roaming\Python\Python314\site-packages\docker\transport\npipeconn.py", line 25, in connect
    sock.connect(self.npipe_path)
    ~~~~~~~~~~~~^^^^^^^^^^^^^^^^^
  File "C:\Users\patri\AppData\Roaming\Python\Python314\site-packages\docker\transport\npipesocket.py", line 25, in wrapped
    return f(self, *args, **kwargs)
  File "C:\Users\patri\AppData\Roaming\Python\Python314\site-packages\docker\transport\npipesocket.py", line 76, in connect
    raise e
  File "C:\Users\patri\AppData\Roaming\Python\Python314\site-packages\docker\transport\npipesocket.py", line 54, in connect
    handle = win32file.CreateFile(
        address,
    ...<7 lines>...
        0
    )
pywintypes.error: (2, 'CreateFile', 'The system cannot find the file specified.')

The above exception was the direct cause of the following exception:

Traceback (most recent call last):
  File "d:\Projects\aegis-sentinel\src\healer.py", line 100, in __init__
    self._docker_client = docker.from_env()
                          ~~~~~~~~~~~~~~~^^
  File "C:\Users\patri\AppData\Roaming\Python\Python314\site-packages\docker\client.py", line 94, in from_env
    return cls(
        timeout=timeout,
    ...<3 lines>...
        **kwargs_from_env(**kwargs)
    )
  File "C:\Users\patri\AppData\Roaming\Python\Python314\site-packages\docker\client.py", line 45, in __init__
    self.api = APIClient(*args, **kwargs)
               ~~~~~~~~~^^^^^^^^^^^^^^^^^
  File "C:\Users\patri\AppData\Roaming\Python\Python314\site-packages\docker\api\client.py", line 207, in __init__
    self._version = self._retrieve_server_version()
                    ~~~~~~~~~~~~~~~~~~~~~~~~~~~~~^^
  File "C:\Users\patri\AppData\Roaming\Python\Python314\site-packages\docker\api\client.py", line 230, in _retrieve_server_version
    raise DockerException(
        f'Error while fetching server API version: {e}'
    ) from e
docker.errors.DockerException: Error while fetching server API version: (2, 'CreateFile', 'The system cannot find the file specified.')
2026-02-18 19:41:56,209 - src.healer - INFO - Cache recovery handler initialized
2026-02-18 19:41:56,209 - src.healer - INFO - Service recovery handler initialized
2026-02-18 19:41:56,209 - src.healer - INFO - Recovery engine initialized
2026-02-18 19:41:56,209 - __main__ - INFO - Aegis Sentinel initialized
2026-02-18 19:41:56,209 - __main__ - INFO - Starting Aegis Sentinel service
2026-02-18 19:41:56,209 - src.monitor - INFO - System monitoring started
2026-02-18 19:41:56,209 - __main__ - INFO - Aegis Sentinel service started successfully
2026-02-18 19:41:56,209 - __main__ - INFO - Aegis Sentinel is running. Press Ctrl+C to stop.
2026-02-18 19:41:57,221 - src.detector - WARNING - Insufficient data for training Isolation Forest model
2026-02-18 19:41:57,221 - src.detector - WARNING - Insufficient data for statistical analysis
2026-02-18 19:41:57,221 - src.detector - INFO - Anomaly detection completed
2026-02-18 19:42:08,232 - src.detector - WARNING - Insufficient data for training Isolation Forest model
2026-02-18 19:42:08,232 - src.detector - WARNING - Insufficient data for statistical analysis
2026-02-18 19:42:08,232 - src.detector - INFO - Anomaly detection completed
2026-02-18 19:42:19,246 - src.detector - WARNING - Insufficient data for training Isolation Forest model
2026-02-18 19:42:19,246 - src.detector - WARNING - Insufficient data for statistical analysis
2026-02-18 19:42:19,246 - src.detector - INFO - Anomaly detection completed
